[2024-12-01T04:10:23.038+0000] {local_task_job_runner.py:120} INFO - ::group::Pre task execution logs
[2024-12-01T04:10:23.085+0000] {taskinstance.py:2076} INFO - Dependencies all met for dep_context=non-requeueable deps ti=<TaskInstance: segunda-dag.tsk2 manual__2024-12-01T04:10:14.204666+00:00 [queued]>
[2024-12-01T04:10:23.101+0000] {taskinstance.py:2076} INFO - Dependencies all met for dep_context=requeueable deps ti=<TaskInstance: segunda-dag.tsk2 manual__2024-12-01T04:10:14.204666+00:00 [queued]>
[2024-12-01T04:10:23.102+0000] {taskinstance.py:2306} INFO - Starting attempt 1 of 1
[2024-12-01T04:10:23.128+0000] {taskinstance.py:2330} INFO - Executing <Task(BashOperator): tsk2> on 2024-12-01 04:10:14.204666+00:00
[2024-12-01T04:10:23.134+0000] {warnings.py:112} WARNING - /home/***/.local/lib/python3.12/site-packages/***/task/task_runner/standard_task_runner.py:62: DeprecationWarning: This process (pid=103) is multi-threaded, use of fork() may lead to deadlocks in the child.
  pid = os.fork()

[2024-12-01T04:10:23.137+0000] {standard_task_runner.py:64} INFO - Started process 105 to run task
[2024-12-01T04:10:23.138+0000] {standard_task_runner.py:90} INFO - Running: ['***', 'tasks', 'run', 'segunda-dag', 'tsk2', 'manual__2024-12-01T04:10:14.204666+00:00', '--job-id', '40', '--raw', '--subdir', 'DAGS_FOLDER/segunda-dag.py', '--cfg-path', '/tmp/tmpg8g17y_t']
[2024-12-01T04:10:23.140+0000] {standard_task_runner.py:91} INFO - Job 40: Subtask tsk2
[2024-12-01T04:10:23.210+0000] {task_command.py:426} INFO - Running <TaskInstance: segunda-dag.tsk2 manual__2024-12-01T04:10:14.204666+00:00 [running]> on host 66a1a92ef829
[2024-12-01T04:10:23.348+0000] {taskinstance.py:2648} INFO - Exporting env vars: AIRFLOW_CTX_DAG_OWNER='***' AIRFLOW_CTX_DAG_ID='segunda-dag' AIRFLOW_CTX_TASK_ID='tsk2' AIRFLOW_CTX_EXECUTION_DATE='2024-12-01T04:10:14.204666+00:00' AIRFLOW_CTX_TRY_NUMBER='1' AIRFLOW_CTX_DAG_RUN_ID='manual__2024-12-01T04:10:14.204666+00:00'
[2024-12-01T04:10:23.350+0000] {taskinstance.py:430} INFO - ::endgroup::
[2024-12-01T04:10:23.381+0000] {subprocess.py:63} INFO - Tmp dir root location: /tmp
[2024-12-01T04:10:23.383+0000] {subprocess.py:75} INFO - Running command: ['/usr/bin/bash', '-c', 'sleep 5']
[2024-12-01T04:10:23.397+0000] {subprocess.py:86} INFO - Output:
[2024-12-01T04:10:28.402+0000] {subprocess.py:97} INFO - Command exited with return code 0
[2024-12-01T04:10:28.405+0000] {taskinstance.py:441} INFO - ::group::Post task execution logs
[2024-12-01T04:10:28.446+0000] {taskinstance.py:1206} INFO - Marking task as SUCCESS. dag_id=segunda-dag, task_id=tsk2, run_id=manual__2024-12-01T04:10:14.204666+00:00, execution_date=20241201T041014, start_date=20241201T041023, end_date=20241201T041028
[2024-12-01T04:10:28.491+0000] {local_task_job_runner.py:243} INFO - Task exited with return code 0
[2024-12-01T04:10:28.512+0000] {taskinstance.py:3503} INFO - 0 downstream tasks scheduled from follow-on schedule check
[2024-12-01T04:10:28.514+0000] {local_task_job_runner.py:222} INFO - ::endgroup::
