[2024-12-01T04:07:32.762+0000] {processor.py:161} INFO - Started process (PID=132) to work on /opt/airflow/dags/segunda-dag.py
[2024-12-01T04:07:32.765+0000] {processor.py:830} INFO - Processing file /opt/airflow/dags/segunda-dag.py for tasks to queue
[2024-12-01T04:07:32.770+0000] {logging_mixin.py:188} INFO - [2024-12-01T04:07:32.770+0000] {dagbag.py:545} INFO - Filling up the DagBag from /opt/airflow/dags/segunda-dag.py
[2024-12-01T04:07:32.830+0000] {processor.py:840} INFO - DAG(s) 'exemplo_dag' retrieved from /opt/airflow/dags/segunda-dag.py
[2024-12-01T04:07:33.060+0000] {logging_mixin.py:188} INFO - [2024-12-01T04:07:33.060+0000] {dag.py:3089} INFO - Sync 1 DAGs
[2024-12-01T04:07:33.078+0000] {logging_mixin.py:188} INFO - [2024-12-01T04:07:33.077+0000] {dag.py:3947} INFO - Setting next_dagrun for exemplo_dag to None, run_after=None
[2024-12-01T04:07:33.119+0000] {processor.py:183} INFO - Processing /opt/airflow/dags/segunda-dag.py took 0.370 seconds
[2024-12-01T04:07:37.265+0000] {processor.py:161} INFO - Started process (PID=134) to work on /opt/airflow/dags/segunda-dag.py
[2024-12-01T04:07:37.267+0000] {processor.py:830} INFO - Processing file /opt/airflow/dags/segunda-dag.py for tasks to queue
[2024-12-01T04:07:37.273+0000] {logging_mixin.py:188} INFO - [2024-12-01T04:07:37.272+0000] {dagbag.py:545} INFO - Filling up the DagBag from /opt/airflow/dags/segunda-dag.py
[2024-12-01T04:07:37.349+0000] {processor.py:840} INFO - DAG(s) 'segunda-dag' retrieved from /opt/airflow/dags/segunda-dag.py
[2024-12-01T04:07:37.692+0000] {logging_mixin.py:188} INFO - [2024-12-01T04:07:37.691+0000] {override.py:1858} INFO - Created Permission View: can delete on DAG:segunda-dag
[2024-12-01T04:07:37.711+0000] {logging_mixin.py:188} INFO - [2024-12-01T04:07:37.710+0000] {override.py:1858} INFO - Created Permission View: can read on DAG:segunda-dag
[2024-12-01T04:07:37.724+0000] {logging_mixin.py:188} INFO - [2024-12-01T04:07:37.723+0000] {override.py:1858} INFO - Created Permission View: can edit on DAG:segunda-dag
[2024-12-01T04:07:37.725+0000] {logging_mixin.py:188} INFO - [2024-12-01T04:07:37.724+0000] {dag.py:3089} INFO - Sync 1 DAGs
[2024-12-01T04:07:37.741+0000] {logging_mixin.py:188} INFO - [2024-12-01T04:07:37.740+0000] {dag.py:3111} INFO - Creating ORM DAG for segunda-dag
[2024-12-01T04:07:37.743+0000] {logging_mixin.py:188} INFO - [2024-12-01T04:07:37.742+0000] {dag.py:3947} INFO - Setting next_dagrun for segunda-dag to None, run_after=None
[2024-12-01T04:07:37.774+0000] {processor.py:183} INFO - Processing /opt/airflow/dags/segunda-dag.py took 0.522 seconds
[2024-12-01T04:07:43.371+0000] {processor.py:161} INFO - Started process (PID=139) to work on /opt/airflow/dags/segunda-dag.py
[2024-12-01T04:07:43.373+0000] {processor.py:830} INFO - Processing file /opt/airflow/dags/segunda-dag.py for tasks to queue
[2024-12-01T04:07:43.377+0000] {logging_mixin.py:188} INFO - [2024-12-01T04:07:43.376+0000] {dagbag.py:545} INFO - Filling up the DagBag from /opt/airflow/dags/segunda-dag.py
[2024-12-01T04:07:43.439+0000] {processor.py:840} INFO - DAG(s) 'segunda-dag' retrieved from /opt/airflow/dags/segunda-dag.py
[2024-12-01T04:07:43.464+0000] {logging_mixin.py:188} INFO - [2024-12-01T04:07:43.464+0000] {dag.py:3089} INFO - Sync 1 DAGs
[2024-12-01T04:07:43.504+0000] {logging_mixin.py:188} INFO - [2024-12-01T04:07:43.504+0000] {dag.py:3947} INFO - Setting next_dagrun for segunda-dag to None, run_after=None
[2024-12-01T04:07:43.555+0000] {processor.py:183} INFO - Processing /opt/airflow/dags/segunda-dag.py took 0.193 seconds
[2024-12-01T04:07:44.452+0000] {processor.py:161} INFO - Started process (PID=140) to work on /opt/airflow/dags/segunda-dag.py
[2024-12-01T04:07:44.455+0000] {processor.py:830} INFO - Processing file /opt/airflow/dags/segunda-dag.py for tasks to queue
[2024-12-01T04:07:44.458+0000] {logging_mixin.py:188} INFO - [2024-12-01T04:07:44.458+0000] {dagbag.py:545} INFO - Filling up the DagBag from /opt/airflow/dags/segunda-dag.py
[2024-12-01T04:07:44.556+0000] {processor.py:840} INFO - DAG(s) 'segunda-dag' retrieved from /opt/airflow/dags/segunda-dag.py
[2024-12-01T04:07:44.581+0000] {logging_mixin.py:188} INFO - [2024-12-01T04:07:44.581+0000] {dag.py:3089} INFO - Sync 1 DAGs
[2024-12-01T04:07:44.610+0000] {logging_mixin.py:188} INFO - [2024-12-01T04:07:44.609+0000] {dag.py:3947} INFO - Setting next_dagrun for segunda-dag to None, run_after=None
[2024-12-01T04:07:44.652+0000] {processor.py:183} INFO - Processing /opt/airflow/dags/segunda-dag.py took 0.206 seconds
[2024-12-01T04:07:49.809+0000] {processor.py:161} INFO - Started process (PID=142) to work on /opt/airflow/dags/segunda-dag.py
[2024-12-01T04:07:49.811+0000] {processor.py:830} INFO - Processing file /opt/airflow/dags/segunda-dag.py for tasks to queue
[2024-12-01T04:07:49.815+0000] {logging_mixin.py:188} INFO - [2024-12-01T04:07:49.815+0000] {dagbag.py:545} INFO - Filling up the DagBag from /opt/airflow/dags/segunda-dag.py
[2024-12-01T04:07:49.871+0000] {processor.py:840} INFO - DAG(s) 'segunda-dag' retrieved from /opt/airflow/dags/segunda-dag.py
[2024-12-01T04:07:49.893+0000] {logging_mixin.py:188} INFO - [2024-12-01T04:07:49.893+0000] {dag.py:3089} INFO - Sync 1 DAGs
[2024-12-01T04:07:49.920+0000] {logging_mixin.py:188} INFO - [2024-12-01T04:07:49.919+0000] {dag.py:3947} INFO - Setting next_dagrun for segunda-dag to None, run_after=None
[2024-12-01T04:07:49.954+0000] {processor.py:183} INFO - Processing /opt/airflow/dags/segunda-dag.py took 0.161 seconds
[2024-12-01T04:07:55.226+0000] {processor.py:161} INFO - Started process (PID=144) to work on /opt/airflow/dags/segunda-dag.py
[2024-12-01T04:07:55.228+0000] {processor.py:830} INFO - Processing file /opt/airflow/dags/segunda-dag.py for tasks to queue
[2024-12-01T04:07:55.235+0000] {logging_mixin.py:188} INFO - [2024-12-01T04:07:55.234+0000] {dagbag.py:545} INFO - Filling up the DagBag from /opt/airflow/dags/segunda-dag.py
[2024-12-01T04:07:55.286+0000] {processor.py:840} INFO - DAG(s) 'segunda-dag' retrieved from /opt/airflow/dags/segunda-dag.py
[2024-12-01T04:07:55.305+0000] {logging_mixin.py:188} INFO - [2024-12-01T04:07:55.304+0000] {dag.py:3089} INFO - Sync 1 DAGs
[2024-12-01T04:07:55.325+0000] {logging_mixin.py:188} INFO - [2024-12-01T04:07:55.324+0000] {dag.py:3947} INFO - Setting next_dagrun for segunda-dag to None, run_after=None
[2024-12-01T04:07:55.361+0000] {processor.py:183} INFO - Processing /opt/airflow/dags/segunda-dag.py took 0.153 seconds
[2024-12-01T04:07:56.487+0000] {processor.py:161} INFO - Started process (PID=146) to work on /opt/airflow/dags/segunda-dag.py
[2024-12-01T04:07:56.490+0000] {processor.py:830} INFO - Processing file /opt/airflow/dags/segunda-dag.py for tasks to queue
[2024-12-01T04:07:56.495+0000] {logging_mixin.py:188} INFO - [2024-12-01T04:07:56.494+0000] {dagbag.py:545} INFO - Filling up the DagBag from /opt/airflow/dags/segunda-dag.py
[2024-12-01T04:07:56.535+0000] {logging_mixin.py:188} INFO - [2024-12-01T04:07:56.531+0000] {dagbag.py:355} ERROR - Failed to import: /opt/airflow/dags/segunda-dag.py
Traceback (most recent call last):
  File "/home/airflow/.local/lib/python3.12/site-packages/airflow/models/dagbag.py", line 351, in parse
    loader.exec_module(new_module)
  File "<frozen importlib._bootstrap_external>", line 991, in exec_module
  File "<frozen importlib._bootstrap_external>", line 1129, in get_code
  File "<frozen importlib._bootstrap_external>", line 1059, in source_to_code
  File "<frozen importlib._bootstrap>", line 488, in _call_with_frames_removed
  File "/opt/airflow/dags/segunda-dag.py", line 24
    task1 >> [task2 >>task3
             ^
SyntaxError: '[' was never closed
[2024-12-01T04:07:56.537+0000] {processor.py:842} WARNING - No viable dags retrieved from /opt/airflow/dags/segunda-dag.py
[2024-12-01T04:07:56.583+0000] {processor.py:183} INFO - Processing /opt/airflow/dags/segunda-dag.py took 0.110 seconds
[2024-12-01T04:07:59.574+0000] {processor.py:161} INFO - Started process (PID=147) to work on /opt/airflow/dags/segunda-dag.py
[2024-12-01T04:07:59.577+0000] {processor.py:830} INFO - Processing file /opt/airflow/dags/segunda-dag.py for tasks to queue
[2024-12-01T04:07:59.583+0000] {logging_mixin.py:188} INFO - [2024-12-01T04:07:59.582+0000] {dagbag.py:545} INFO - Filling up the DagBag from /opt/airflow/dags/segunda-dag.py
[2024-12-01T04:07:59.660+0000] {processor.py:840} INFO - DAG(s) 'segunda-dag' retrieved from /opt/airflow/dags/segunda-dag.py
[2024-12-01T04:07:59.689+0000] {logging_mixin.py:188} INFO - [2024-12-01T04:07:59.689+0000] {dag.py:3089} INFO - Sync 1 DAGs
[2024-12-01T04:07:59.719+0000] {logging_mixin.py:188} INFO - [2024-12-01T04:07:59.718+0000] {dag.py:3947} INFO - Setting next_dagrun for segunda-dag to None, run_after=None
[2024-12-01T04:07:59.770+0000] {processor.py:183} INFO - Processing /opt/airflow/dags/segunda-dag.py took 0.211 seconds
[2024-12-01T04:08:02.949+0000] {processor.py:161} INFO - Started process (PID=149) to work on /opt/airflow/dags/segunda-dag.py
[2024-12-01T04:08:02.952+0000] {processor.py:830} INFO - Processing file /opt/airflow/dags/segunda-dag.py for tasks to queue
[2024-12-01T04:08:02.959+0000] {logging_mixin.py:188} INFO - [2024-12-01T04:08:02.958+0000] {dagbag.py:545} INFO - Filling up the DagBag from /opt/airflow/dags/segunda-dag.py
[2024-12-01T04:08:03.059+0000] {processor.py:840} INFO - DAG(s) 'segunda-dag' retrieved from /opt/airflow/dags/segunda-dag.py
[2024-12-01T04:08:03.078+0000] {logging_mixin.py:188} INFO - [2024-12-01T04:08:03.077+0000] {dag.py:3089} INFO - Sync 1 DAGs
[2024-12-01T04:08:03.106+0000] {logging_mixin.py:188} INFO - [2024-12-01T04:08:03.105+0000] {dag.py:3947} INFO - Setting next_dagrun for segunda-dag to None, run_after=None
[2024-12-01T04:08:03.148+0000] {processor.py:183} INFO - Processing /opt/airflow/dags/segunda-dag.py took 0.215 seconds
[2024-12-01T04:08:08.323+0000] {processor.py:161} INFO - Started process (PID=151) to work on /opt/airflow/dags/segunda-dag.py
[2024-12-01T04:08:08.327+0000] {processor.py:830} INFO - Processing file /opt/airflow/dags/segunda-dag.py for tasks to queue
[2024-12-01T04:08:08.333+0000] {logging_mixin.py:188} INFO - [2024-12-01T04:08:08.332+0000] {dagbag.py:545} INFO - Filling up the DagBag from /opt/airflow/dags/segunda-dag.py
[2024-12-01T04:08:08.416+0000] {processor.py:840} INFO - DAG(s) 'segunda-dag' retrieved from /opt/airflow/dags/segunda-dag.py
[2024-12-01T04:08:08.692+0000] {logging_mixin.py:188} INFO - [2024-12-01T04:08:08.692+0000] {dag.py:3089} INFO - Sync 1 DAGs
[2024-12-01T04:08:08.722+0000] {logging_mixin.py:188} INFO - [2024-12-01T04:08:08.721+0000] {dag.py:3947} INFO - Setting next_dagrun for segunda-dag to None, run_after=None
[2024-12-01T04:08:08.790+0000] {processor.py:183} INFO - Processing /opt/airflow/dags/segunda-dag.py took 0.483 seconds
[2024-12-01T04:08:14.612+0000] {processor.py:161} INFO - Started process (PID=156) to work on /opt/airflow/dags/segunda-dag.py
[2024-12-01T04:08:14.617+0000] {processor.py:830} INFO - Processing file /opt/airflow/dags/segunda-dag.py for tasks to queue
[2024-12-01T04:08:14.620+0000] {logging_mixin.py:188} INFO - [2024-12-01T04:08:14.619+0000] {dagbag.py:545} INFO - Filling up the DagBag from /opt/airflow/dags/segunda-dag.py
[2024-12-01T04:08:14.682+0000] {processor.py:840} INFO - DAG(s) 'segunda-dag' retrieved from /opt/airflow/dags/segunda-dag.py
[2024-12-01T04:08:14.709+0000] {logging_mixin.py:188} INFO - [2024-12-01T04:08:14.708+0000] {dag.py:3089} INFO - Sync 1 DAGs
[2024-12-01T04:08:14.742+0000] {logging_mixin.py:188} INFO - [2024-12-01T04:08:14.741+0000] {dag.py:3947} INFO - Setting next_dagrun for segunda-dag to None, run_after=None
[2024-12-01T04:08:14.825+0000] {processor.py:183} INFO - Processing /opt/airflow/dags/segunda-dag.py took 0.227 seconds
[2024-12-01T04:08:20.018+0000] {processor.py:161} INFO - Started process (PID=158) to work on /opt/airflow/dags/segunda-dag.py
[2024-12-01T04:08:20.021+0000] {processor.py:830} INFO - Processing file /opt/airflow/dags/segunda-dag.py for tasks to queue
[2024-12-01T04:08:20.027+0000] {logging_mixin.py:188} INFO - [2024-12-01T04:08:20.026+0000] {dagbag.py:545} INFO - Filling up the DagBag from /opt/airflow/dags/segunda-dag.py
[2024-12-01T04:08:20.120+0000] {processor.py:840} INFO - DAG(s) 'segunda-dag' retrieved from /opt/airflow/dags/segunda-dag.py
[2024-12-01T04:08:20.142+0000] {logging_mixin.py:188} INFO - [2024-12-01T04:08:20.141+0000] {dag.py:3089} INFO - Sync 1 DAGs
[2024-12-01T04:08:20.178+0000] {logging_mixin.py:188} INFO - [2024-12-01T04:08:20.177+0000] {dag.py:3947} INFO - Setting next_dagrun for segunda-dag to None, run_after=None
[2024-12-01T04:08:20.214+0000] {processor.py:183} INFO - Processing /opt/airflow/dags/segunda-dag.py took 0.209 seconds
[2024-12-01T04:08:25.333+0000] {processor.py:161} INFO - Started process (PID=160) to work on /opt/airflow/dags/segunda-dag.py
[2024-12-01T04:08:25.334+0000] {processor.py:830} INFO - Processing file /opt/airflow/dags/segunda-dag.py for tasks to queue
[2024-12-01T04:08:25.339+0000] {logging_mixin.py:188} INFO - [2024-12-01T04:08:25.338+0000] {dagbag.py:545} INFO - Filling up the DagBag from /opt/airflow/dags/segunda-dag.py
[2024-12-01T04:08:25.385+0000] {processor.py:840} INFO - DAG(s) 'segunda-dag' retrieved from /opt/airflow/dags/segunda-dag.py
[2024-12-01T04:08:25.404+0000] {logging_mixin.py:188} INFO - [2024-12-01T04:08:25.403+0000] {dag.py:3089} INFO - Sync 1 DAGs
[2024-12-01T04:08:25.425+0000] {logging_mixin.py:188} INFO - [2024-12-01T04:08:25.424+0000] {dag.py:3947} INFO - Setting next_dagrun for segunda-dag to None, run_after=None
[2024-12-01T04:08:25.456+0000] {processor.py:183} INFO - Processing /opt/airflow/dags/segunda-dag.py took 0.132 seconds
[2024-12-01T04:08:30.596+0000] {processor.py:161} INFO - Started process (PID=162) to work on /opt/airflow/dags/segunda-dag.py
[2024-12-01T04:08:30.599+0000] {processor.py:830} INFO - Processing file /opt/airflow/dags/segunda-dag.py for tasks to queue
[2024-12-01T04:08:30.604+0000] {logging_mixin.py:188} INFO - [2024-12-01T04:08:30.604+0000] {dagbag.py:545} INFO - Filling up the DagBag from /opt/airflow/dags/segunda-dag.py
[2024-12-01T04:08:30.655+0000] {processor.py:840} INFO - DAG(s) 'segunda-dag' retrieved from /opt/airflow/dags/segunda-dag.py
[2024-12-01T04:08:30.688+0000] {logging_mixin.py:188} INFO - [2024-12-01T04:08:30.688+0000] {dag.py:3089} INFO - Sync 1 DAGs
[2024-12-01T04:08:30.715+0000] {logging_mixin.py:188} INFO - [2024-12-01T04:08:30.714+0000] {dag.py:3947} INFO - Setting next_dagrun for segunda-dag to None, run_after=None
[2024-12-01T04:08:30.756+0000] {processor.py:183} INFO - Processing /opt/airflow/dags/segunda-dag.py took 0.181 seconds
[2024-12-01T04:08:35.891+0000] {processor.py:161} INFO - Started process (PID=164) to work on /opt/airflow/dags/segunda-dag.py
[2024-12-01T04:08:35.894+0000] {processor.py:830} INFO - Processing file /opt/airflow/dags/segunda-dag.py for tasks to queue
[2024-12-01T04:08:35.899+0000] {logging_mixin.py:188} INFO - [2024-12-01T04:08:35.899+0000] {dagbag.py:545} INFO - Filling up the DagBag from /opt/airflow/dags/segunda-dag.py
[2024-12-01T04:08:35.959+0000] {processor.py:840} INFO - DAG(s) 'segunda-dag' retrieved from /opt/airflow/dags/segunda-dag.py
[2024-12-01T04:08:35.997+0000] {logging_mixin.py:188} INFO - [2024-12-01T04:08:35.995+0000] {dag.py:3089} INFO - Sync 1 DAGs
[2024-12-01T04:08:36.036+0000] {logging_mixin.py:188} INFO - [2024-12-01T04:08:36.035+0000] {dag.py:3947} INFO - Setting next_dagrun for segunda-dag to None, run_after=None
[2024-12-01T04:08:36.086+0000] {processor.py:183} INFO - Processing /opt/airflow/dags/segunda-dag.py took 0.211 seconds
[2024-12-01T04:08:41.208+0000] {processor.py:161} INFO - Started process (PID=166) to work on /opt/airflow/dags/segunda-dag.py
[2024-12-01T04:08:41.214+0000] {processor.py:830} INFO - Processing file /opt/airflow/dags/segunda-dag.py for tasks to queue
[2024-12-01T04:08:41.222+0000] {logging_mixin.py:188} INFO - [2024-12-01T04:08:41.221+0000] {dagbag.py:545} INFO - Filling up the DagBag from /opt/airflow/dags/segunda-dag.py
[2024-12-01T04:08:41.343+0000] {processor.py:840} INFO - DAG(s) 'segunda-dag' retrieved from /opt/airflow/dags/segunda-dag.py
[2024-12-01T04:08:41.435+0000] {logging_mixin.py:188} INFO - [2024-12-01T04:08:41.434+0000] {dag.py:3089} INFO - Sync 1 DAGs
[2024-12-01T04:08:41.486+0000] {logging_mixin.py:188} INFO - [2024-12-01T04:08:41.485+0000] {dag.py:3947} INFO - Setting next_dagrun for segunda-dag to None, run_after=None
[2024-12-01T04:08:41.533+0000] {processor.py:183} INFO - Processing /opt/airflow/dags/segunda-dag.py took 0.345 seconds
[2024-12-01T04:08:43.276+0000] {processor.py:161} INFO - Started process (PID=170) to work on /opt/airflow/dags/segunda-dag.py
[2024-12-01T04:08:43.309+0000] {processor.py:830} INFO - Processing file /opt/airflow/dags/segunda-dag.py for tasks to queue
[2024-12-01T04:08:43.327+0000] {logging_mixin.py:188} INFO - [2024-12-01T04:08:43.326+0000] {dagbag.py:545} INFO - Filling up the DagBag from /opt/airflow/dags/segunda-dag.py
[2024-12-01T04:08:43.396+0000] {processor.py:840} INFO - DAG(s) 'segunda-dag' retrieved from /opt/airflow/dags/segunda-dag.py
[2024-12-01T04:08:43.444+0000] {logging_mixin.py:188} INFO - [2024-12-01T04:08:43.443+0000] {dag.py:3089} INFO - Sync 1 DAGs
[2024-12-01T04:08:43.475+0000] {logging_mixin.py:188} INFO - [2024-12-01T04:08:43.474+0000] {dag.py:3947} INFO - Setting next_dagrun for segunda-dag to None, run_after=None
[2024-12-01T04:08:43.541+0000] {processor.py:183} INFO - Processing /opt/airflow/dags/segunda-dag.py took 0.277 seconds
[2024-12-01T04:08:48.679+0000] {processor.py:161} INFO - Started process (PID=172) to work on /opt/airflow/dags/segunda-dag.py
[2024-12-01T04:08:48.681+0000] {processor.py:830} INFO - Processing file /opt/airflow/dags/segunda-dag.py for tasks to queue
[2024-12-01T04:08:48.684+0000] {logging_mixin.py:188} INFO - [2024-12-01T04:08:48.683+0000] {dagbag.py:545} INFO - Filling up the DagBag from /opt/airflow/dags/segunda-dag.py
[2024-12-01T04:08:48.718+0000] {processor.py:840} INFO - DAG(s) 'segunda-dag' retrieved from /opt/airflow/dags/segunda-dag.py
[2024-12-01T04:08:48.760+0000] {logging_mixin.py:188} INFO - [2024-12-01T04:08:48.760+0000] {dag.py:3089} INFO - Sync 1 DAGs
[2024-12-01T04:08:48.779+0000] {logging_mixin.py:188} INFO - [2024-12-01T04:08:48.779+0000] {dag.py:3947} INFO - Setting next_dagrun for segunda-dag to None, run_after=None
[2024-12-01T04:08:48.813+0000] {processor.py:183} INFO - Processing /opt/airflow/dags/segunda-dag.py took 0.144 seconds
[2024-12-01T04:08:54.077+0000] {processor.py:161} INFO - Started process (PID=174) to work on /opt/airflow/dags/segunda-dag.py
[2024-12-01T04:08:54.080+0000] {processor.py:830} INFO - Processing file /opt/airflow/dags/segunda-dag.py for tasks to queue
[2024-12-01T04:08:54.085+0000] {logging_mixin.py:188} INFO - [2024-12-01T04:08:54.085+0000] {dagbag.py:545} INFO - Filling up the DagBag from /opt/airflow/dags/segunda-dag.py
[2024-12-01T04:08:54.164+0000] {processor.py:840} INFO - DAG(s) 'segunda-dag' retrieved from /opt/airflow/dags/segunda-dag.py
[2024-12-01T04:08:54.280+0000] {logging_mixin.py:188} INFO - [2024-12-01T04:08:54.280+0000] {dag.py:3089} INFO - Sync 1 DAGs
[2024-12-01T04:08:54.334+0000] {logging_mixin.py:188} INFO - [2024-12-01T04:08:54.334+0000] {dag.py:3947} INFO - Setting next_dagrun for segunda-dag to None, run_after=None
[2024-12-01T04:08:54.433+0000] {processor.py:183} INFO - Processing /opt/airflow/dags/segunda-dag.py took 0.375 seconds
[2024-12-01T04:08:59.640+0000] {processor.py:161} INFO - Started process (PID=176) to work on /opt/airflow/dags/segunda-dag.py
[2024-12-01T04:08:59.642+0000] {processor.py:830} INFO - Processing file /opt/airflow/dags/segunda-dag.py for tasks to queue
[2024-12-01T04:08:59.646+0000] {logging_mixin.py:188} INFO - [2024-12-01T04:08:59.645+0000] {dagbag.py:545} INFO - Filling up the DagBag from /opt/airflow/dags/segunda-dag.py
[2024-12-01T04:08:59.681+0000] {processor.py:840} INFO - DAG(s) 'segunda-dag' retrieved from /opt/airflow/dags/segunda-dag.py
[2024-12-01T04:08:59.735+0000] {logging_mixin.py:188} INFO - [2024-12-01T04:08:59.735+0000] {dag.py:3089} INFO - Sync 1 DAGs
[2024-12-01T04:08:59.758+0000] {logging_mixin.py:188} INFO - [2024-12-01T04:08:59.757+0000] {dag.py:3947} INFO - Setting next_dagrun for segunda-dag to None, run_after=None
[2024-12-01T04:08:59.828+0000] {processor.py:183} INFO - Processing /opt/airflow/dags/segunda-dag.py took 0.200 seconds
[2024-12-01T04:09:04.967+0000] {processor.py:161} INFO - Started process (PID=178) to work on /opt/airflow/dags/segunda-dag.py
[2024-12-01T04:09:04.968+0000] {processor.py:830} INFO - Processing file /opt/airflow/dags/segunda-dag.py for tasks to queue
[2024-12-01T04:09:04.972+0000] {logging_mixin.py:188} INFO - [2024-12-01T04:09:04.971+0000] {dagbag.py:545} INFO - Filling up the DagBag from /opt/airflow/dags/segunda-dag.py
[2024-12-01T04:09:05.012+0000] {processor.py:840} INFO - DAG(s) 'segunda-dag' retrieved from /opt/airflow/dags/segunda-dag.py
[2024-12-01T04:09:05.062+0000] {logging_mixin.py:188} INFO - [2024-12-01T04:09:05.062+0000] {dag.py:3089} INFO - Sync 1 DAGs
[2024-12-01T04:09:05.086+0000] {logging_mixin.py:188} INFO - [2024-12-01T04:09:05.086+0000] {dag.py:3947} INFO - Setting next_dagrun for segunda-dag to None, run_after=None
[2024-12-01T04:09:05.119+0000] {processor.py:183} INFO - Processing /opt/airflow/dags/segunda-dag.py took 0.166 seconds
[2024-12-01T04:09:10.531+0000] {processor.py:161} INFO - Started process (PID=180) to work on /opt/airflow/dags/segunda-dag.py
[2024-12-01T04:09:10.533+0000] {processor.py:830} INFO - Processing file /opt/airflow/dags/segunda-dag.py for tasks to queue
[2024-12-01T04:09:10.539+0000] {logging_mixin.py:188} INFO - [2024-12-01T04:09:10.538+0000] {dagbag.py:545} INFO - Filling up the DagBag from /opt/airflow/dags/segunda-dag.py
[2024-12-01T04:09:10.604+0000] {processor.py:840} INFO - DAG(s) 'segunda-dag' retrieved from /opt/airflow/dags/segunda-dag.py
[2024-12-01T04:09:10.704+0000] {logging_mixin.py:188} INFO - [2024-12-01T04:09:10.704+0000] {dag.py:3089} INFO - Sync 1 DAGs
[2024-12-01T04:09:10.762+0000] {logging_mixin.py:188} INFO - [2024-12-01T04:09:10.762+0000] {dag.py:3947} INFO - Setting next_dagrun for segunda-dag to None, run_after=None
[2024-12-01T04:09:10.848+0000] {processor.py:183} INFO - Processing /opt/airflow/dags/segunda-dag.py took 0.344 seconds
[2024-12-01T04:09:12.955+0000] {processor.py:161} INFO - Started process (PID=182) to work on /opt/airflow/dags/segunda-dag.py
[2024-12-01T04:09:12.957+0000] {processor.py:830} INFO - Processing file /opt/airflow/dags/segunda-dag.py for tasks to queue
[2024-12-01T04:09:12.962+0000] {logging_mixin.py:188} INFO - [2024-12-01T04:09:12.961+0000] {dagbag.py:545} INFO - Filling up the DagBag from /opt/airflow/dags/segunda-dag.py
[2024-12-01T04:09:13.043+0000] {processor.py:840} INFO - DAG(s) 'segunda-dag' retrieved from /opt/airflow/dags/segunda-dag.py
[2024-12-01T04:09:13.116+0000] {logging_mixin.py:188} INFO - [2024-12-01T04:09:13.116+0000] {dag.py:3089} INFO - Sync 1 DAGs
[2024-12-01T04:09:13.146+0000] {logging_mixin.py:188} INFO - [2024-12-01T04:09:13.145+0000] {dag.py:3947} INFO - Setting next_dagrun for segunda-dag to None, run_after=None
[2024-12-01T04:09:13.205+0000] {processor.py:183} INFO - Processing /opt/airflow/dags/segunda-dag.py took 0.263 seconds
[2024-12-01T04:09:18.350+0000] {processor.py:161} INFO - Started process (PID=187) to work on /opt/airflow/dags/segunda-dag.py
[2024-12-01T04:09:18.351+0000] {processor.py:830} INFO - Processing file /opt/airflow/dags/segunda-dag.py for tasks to queue
[2024-12-01T04:09:18.354+0000] {logging_mixin.py:188} INFO - [2024-12-01T04:09:18.354+0000] {dagbag.py:545} INFO - Filling up the DagBag from /opt/airflow/dags/segunda-dag.py
[2024-12-01T04:09:18.389+0000] {processor.py:840} INFO - DAG(s) 'segunda-dag' retrieved from /opt/airflow/dags/segunda-dag.py
[2024-12-01T04:09:18.425+0000] {logging_mixin.py:188} INFO - [2024-12-01T04:09:18.425+0000] {dag.py:3089} INFO - Sync 1 DAGs
[2024-12-01T04:09:18.441+0000] {logging_mixin.py:188} INFO - [2024-12-01T04:09:18.441+0000] {dag.py:3947} INFO - Setting next_dagrun for segunda-dag to None, run_after=None
[2024-12-01T04:09:18.466+0000] {processor.py:183} INFO - Processing /opt/airflow/dags/segunda-dag.py took 0.128 seconds
[2024-12-01T04:09:23.615+0000] {processor.py:161} INFO - Started process (PID=189) to work on /opt/airflow/dags/segunda-dag.py
[2024-12-01T04:09:23.616+0000] {processor.py:830} INFO - Processing file /opt/airflow/dags/segunda-dag.py for tasks to queue
[2024-12-01T04:09:23.619+0000] {logging_mixin.py:188} INFO - [2024-12-01T04:09:23.618+0000] {dagbag.py:545} INFO - Filling up the DagBag from /opt/airflow/dags/segunda-dag.py
[2024-12-01T04:09:23.655+0000] {processor.py:840} INFO - DAG(s) 'segunda-dag' retrieved from /opt/airflow/dags/segunda-dag.py
[2024-12-01T04:09:23.696+0000] {logging_mixin.py:188} INFO - [2024-12-01T04:09:23.696+0000] {dag.py:3089} INFO - Sync 1 DAGs
[2024-12-01T04:09:23.712+0000] {logging_mixin.py:188} INFO - [2024-12-01T04:09:23.712+0000] {dag.py:3947} INFO - Setting next_dagrun for segunda-dag to None, run_after=None
[2024-12-01T04:09:23.772+0000] {processor.py:183} INFO - Processing /opt/airflow/dags/segunda-dag.py took 0.166 seconds
[2024-12-01T04:09:28.918+0000] {processor.py:161} INFO - Started process (PID=191) to work on /opt/airflow/dags/segunda-dag.py
[2024-12-01T04:09:28.920+0000] {processor.py:830} INFO - Processing file /opt/airflow/dags/segunda-dag.py for tasks to queue
[2024-12-01T04:09:28.928+0000] {logging_mixin.py:188} INFO - [2024-12-01T04:09:28.927+0000] {dagbag.py:545} INFO - Filling up the DagBag from /opt/airflow/dags/segunda-dag.py
[2024-12-01T04:09:28.991+0000] {processor.py:840} INFO - DAG(s) 'segunda-dag' retrieved from /opt/airflow/dags/segunda-dag.py
[2024-12-01T04:09:29.058+0000] {logging_mixin.py:188} INFO - [2024-12-01T04:09:29.058+0000] {dag.py:3089} INFO - Sync 1 DAGs
[2024-12-01T04:09:29.084+0000] {logging_mixin.py:188} INFO - [2024-12-01T04:09:29.083+0000] {dag.py:3947} INFO - Setting next_dagrun for segunda-dag to None, run_after=None
[2024-12-01T04:09:29.137+0000] {processor.py:183} INFO - Processing /opt/airflow/dags/segunda-dag.py took 0.227 seconds
[2024-12-01T04:09:34.377+0000] {processor.py:161} INFO - Started process (PID=193) to work on /opt/airflow/dags/segunda-dag.py
[2024-12-01T04:09:34.379+0000] {processor.py:830} INFO - Processing file /opt/airflow/dags/segunda-dag.py for tasks to queue
[2024-12-01T04:09:34.381+0000] {logging_mixin.py:188} INFO - [2024-12-01T04:09:34.381+0000] {dagbag.py:545} INFO - Filling up the DagBag from /opt/airflow/dags/segunda-dag.py
[2024-12-01T04:09:34.417+0000] {processor.py:840} INFO - DAG(s) 'segunda-dag' retrieved from /opt/airflow/dags/segunda-dag.py
[2024-12-01T04:09:34.490+0000] {logging_mixin.py:188} INFO - [2024-12-01T04:09:34.490+0000] {dag.py:3089} INFO - Sync 1 DAGs
[2024-12-01T04:09:34.515+0000] {logging_mixin.py:188} INFO - [2024-12-01T04:09:34.514+0000] {dag.py:3947} INFO - Setting next_dagrun for segunda-dag to None, run_after=None
[2024-12-01T04:09:34.547+0000] {processor.py:183} INFO - Processing /opt/airflow/dags/segunda-dag.py took 0.178 seconds
[2024-12-01T04:09:39.652+0000] {processor.py:161} INFO - Started process (PID=195) to work on /opt/airflow/dags/segunda-dag.py
[2024-12-01T04:09:39.654+0000] {processor.py:830} INFO - Processing file /opt/airflow/dags/segunda-dag.py for tasks to queue
[2024-12-01T04:09:39.659+0000] {logging_mixin.py:188} INFO - [2024-12-01T04:09:39.658+0000] {dagbag.py:545} INFO - Filling up the DagBag from /opt/airflow/dags/segunda-dag.py
[2024-12-01T04:09:39.688+0000] {processor.py:840} INFO - DAG(s) 'segunda-dag' retrieved from /opt/airflow/dags/segunda-dag.py
[2024-12-01T04:09:39.738+0000] {logging_mixin.py:188} INFO - [2024-12-01T04:09:39.738+0000] {dag.py:3089} INFO - Sync 1 DAGs
[2024-12-01T04:09:39.760+0000] {logging_mixin.py:188} INFO - [2024-12-01T04:09:39.759+0000] {dag.py:3947} INFO - Setting next_dagrun for segunda-dag to None, run_after=None
[2024-12-01T04:09:39.813+0000] {processor.py:183} INFO - Processing /opt/airflow/dags/segunda-dag.py took 0.175 seconds
[2024-12-01T04:09:44.983+0000] {processor.py:161} INFO - Started process (PID=200) to work on /opt/airflow/dags/segunda-dag.py
[2024-12-01T04:09:44.987+0000] {processor.py:830} INFO - Processing file /opt/airflow/dags/segunda-dag.py for tasks to queue
[2024-12-01T04:09:44.992+0000] {logging_mixin.py:188} INFO - [2024-12-01T04:09:44.991+0000] {dagbag.py:545} INFO - Filling up the DagBag from /opt/airflow/dags/segunda-dag.py
[2024-12-01T04:09:45.063+0000] {processor.py:840} INFO - DAG(s) 'segunda-dag' retrieved from /opt/airflow/dags/segunda-dag.py
[2024-12-01T04:09:45.106+0000] {logging_mixin.py:188} INFO - [2024-12-01T04:09:45.106+0000] {dag.py:3089} INFO - Sync 1 DAGs
[2024-12-01T04:09:45.130+0000] {logging_mixin.py:188} INFO - [2024-12-01T04:09:45.129+0000] {dag.py:3947} INFO - Setting next_dagrun for segunda-dag to None, run_after=None
[2024-12-01T04:09:45.211+0000] {processor.py:183} INFO - Processing /opt/airflow/dags/segunda-dag.py took 0.242 seconds
[2024-12-01T04:09:50.358+0000] {processor.py:161} INFO - Started process (PID=202) to work on /opt/airflow/dags/segunda-dag.py
[2024-12-01T04:09:50.361+0000] {processor.py:830} INFO - Processing file /opt/airflow/dags/segunda-dag.py for tasks to queue
[2024-12-01T04:09:50.366+0000] {logging_mixin.py:188} INFO - [2024-12-01T04:09:50.365+0000] {dagbag.py:545} INFO - Filling up the DagBag from /opt/airflow/dags/segunda-dag.py
[2024-12-01T04:09:50.444+0000] {processor.py:840} INFO - DAG(s) 'segunda-dag' retrieved from /opt/airflow/dags/segunda-dag.py
[2024-12-01T04:09:50.499+0000] {logging_mixin.py:188} INFO - [2024-12-01T04:09:50.499+0000] {dag.py:3089} INFO - Sync 1 DAGs
[2024-12-01T04:09:50.522+0000] {logging_mixin.py:188} INFO - [2024-12-01T04:09:50.521+0000] {dag.py:3947} INFO - Setting next_dagrun for segunda-dag to None, run_after=None
[2024-12-01T04:09:50.575+0000] {processor.py:183} INFO - Processing /opt/airflow/dags/segunda-dag.py took 0.228 seconds
[2024-12-01T04:09:55.864+0000] {processor.py:161} INFO - Started process (PID=204) to work on /opt/airflow/dags/segunda-dag.py
[2024-12-01T04:09:55.867+0000] {processor.py:830} INFO - Processing file /opt/airflow/dags/segunda-dag.py for tasks to queue
[2024-12-01T04:09:55.873+0000] {logging_mixin.py:188} INFO - [2024-12-01T04:09:55.872+0000] {dagbag.py:545} INFO - Filling up the DagBag from /opt/airflow/dags/segunda-dag.py
[2024-12-01T04:09:55.934+0000] {processor.py:840} INFO - DAG(s) 'segunda-dag' retrieved from /opt/airflow/dags/segunda-dag.py
[2024-12-01T04:09:56.007+0000] {logging_mixin.py:188} INFO - [2024-12-01T04:09:56.005+0000] {dag.py:3089} INFO - Sync 1 DAGs
[2024-12-01T04:09:56.062+0000] {logging_mixin.py:188} INFO - [2024-12-01T04:09:56.061+0000] {dag.py:3947} INFO - Setting next_dagrun for segunda-dag to None, run_after=None
[2024-12-01T04:09:56.172+0000] {processor.py:183} INFO - Processing /opt/airflow/dags/segunda-dag.py took 0.325 seconds
[2024-12-01T04:10:01.974+0000] {processor.py:161} INFO - Started process (PID=206) to work on /opt/airflow/dags/segunda-dag.py
[2024-12-01T04:10:01.976+0000] {processor.py:830} INFO - Processing file /opt/airflow/dags/segunda-dag.py for tasks to queue
[2024-12-01T04:10:01.978+0000] {logging_mixin.py:188} INFO - [2024-12-01T04:10:01.977+0000] {dagbag.py:545} INFO - Filling up the DagBag from /opt/airflow/dags/segunda-dag.py
[2024-12-01T04:10:02.009+0000] {processor.py:840} INFO - DAG(s) 'segunda-dag' retrieved from /opt/airflow/dags/segunda-dag.py
[2024-12-01T04:10:02.068+0000] {logging_mixin.py:188} INFO - [2024-12-01T04:10:02.068+0000] {dag.py:3089} INFO - Sync 1 DAGs
[2024-12-01T04:10:02.092+0000] {logging_mixin.py:188} INFO - [2024-12-01T04:10:02.091+0000] {dag.py:3947} INFO - Setting next_dagrun for segunda-dag to None, run_after=None
[2024-12-01T04:10:02.118+0000] {processor.py:183} INFO - Processing /opt/airflow/dags/segunda-dag.py took 0.150 seconds
[2024-12-01T04:10:07.291+0000] {processor.py:161} INFO - Started process (PID=208) to work on /opt/airflow/dags/segunda-dag.py
[2024-12-01T04:10:07.293+0000] {processor.py:830} INFO - Processing file /opt/airflow/dags/segunda-dag.py for tasks to queue
[2024-12-01T04:10:07.296+0000] {logging_mixin.py:188} INFO - [2024-12-01T04:10:07.295+0000] {dagbag.py:545} INFO - Filling up the DagBag from /opt/airflow/dags/segunda-dag.py
[2024-12-01T04:10:07.346+0000] {processor.py:840} INFO - DAG(s) 'segunda-dag' retrieved from /opt/airflow/dags/segunda-dag.py
[2024-12-01T04:10:07.385+0000] {logging_mixin.py:188} INFO - [2024-12-01T04:10:07.385+0000] {dag.py:3089} INFO - Sync 1 DAGs
[2024-12-01T04:10:07.404+0000] {logging_mixin.py:188} INFO - [2024-12-01T04:10:07.403+0000] {dag.py:3947} INFO - Setting next_dagrun for segunda-dag to None, run_after=None
[2024-12-01T04:10:07.481+0000] {processor.py:183} INFO - Processing /opt/airflow/dags/segunda-dag.py took 0.198 seconds
[2024-12-01T04:10:12.653+0000] {processor.py:161} INFO - Started process (PID=210) to work on /opt/airflow/dags/segunda-dag.py
[2024-12-01T04:10:12.655+0000] {processor.py:830} INFO - Processing file /opt/airflow/dags/segunda-dag.py for tasks to queue
[2024-12-01T04:10:12.658+0000] {logging_mixin.py:188} INFO - [2024-12-01T04:10:12.658+0000] {dagbag.py:545} INFO - Filling up the DagBag from /opt/airflow/dags/segunda-dag.py
[2024-12-01T04:10:12.699+0000] {processor.py:840} INFO - DAG(s) 'segunda-dag' retrieved from /opt/airflow/dags/segunda-dag.py
[2024-12-01T04:10:12.737+0000] {logging_mixin.py:188} INFO - [2024-12-01T04:10:12.736+0000] {dag.py:3089} INFO - Sync 1 DAGs
[2024-12-01T04:10:12.755+0000] {logging_mixin.py:188} INFO - [2024-12-01T04:10:12.754+0000] {dag.py:3947} INFO - Setting next_dagrun for segunda-dag to None, run_after=None
[2024-12-01T04:10:12.787+0000] {processor.py:183} INFO - Processing /opt/airflow/dags/segunda-dag.py took 0.140 seconds
[2024-12-01T04:10:18.066+0000] {processor.py:161} INFO - Started process (PID=215) to work on /opt/airflow/dags/segunda-dag.py
[2024-12-01T04:10:18.068+0000] {processor.py:830} INFO - Processing file /opt/airflow/dags/segunda-dag.py for tasks to queue
[2024-12-01T04:10:18.073+0000] {logging_mixin.py:188} INFO - [2024-12-01T04:10:18.072+0000] {dagbag.py:545} INFO - Filling up the DagBag from /opt/airflow/dags/segunda-dag.py
[2024-12-01T04:10:18.137+0000] {processor.py:840} INFO - DAG(s) 'segunda-dag' retrieved from /opt/airflow/dags/segunda-dag.py
[2024-12-01T04:10:18.204+0000] {logging_mixin.py:188} INFO - [2024-12-01T04:10:18.204+0000] {dag.py:3089} INFO - Sync 1 DAGs
[2024-12-01T04:10:18.235+0000] {logging_mixin.py:188} INFO - [2024-12-01T04:10:18.235+0000] {dag.py:3947} INFO - Setting next_dagrun for segunda-dag to None, run_after=None
[2024-12-01T04:10:18.281+0000] {processor.py:183} INFO - Processing /opt/airflow/dags/segunda-dag.py took 0.234 seconds
[2024-12-01T04:10:23.391+0000] {processor.py:161} INFO - Started process (PID=221) to work on /opt/airflow/dags/segunda-dag.py
[2024-12-01T04:10:23.392+0000] {processor.py:830} INFO - Processing file /opt/airflow/dags/segunda-dag.py for tasks to queue
[2024-12-01T04:10:23.395+0000] {logging_mixin.py:188} INFO - [2024-12-01T04:10:23.395+0000] {dagbag.py:545} INFO - Filling up the DagBag from /opt/airflow/dags/segunda-dag.py
[2024-12-01T04:10:23.426+0000] {processor.py:840} INFO - DAG(s) 'segunda-dag' retrieved from /opt/airflow/dags/segunda-dag.py
[2024-12-01T04:10:23.468+0000] {logging_mixin.py:188} INFO - [2024-12-01T04:10:23.467+0000] {dag.py:3089} INFO - Sync 1 DAGs
[2024-12-01T04:10:23.491+0000] {logging_mixin.py:188} INFO - [2024-12-01T04:10:23.491+0000] {dag.py:3947} INFO - Setting next_dagrun for segunda-dag to None, run_after=None
[2024-12-01T04:10:23.524+0000] {processor.py:183} INFO - Processing /opt/airflow/dags/segunda-dag.py took 0.148 seconds
[2024-12-01T04:10:28.656+0000] {processor.py:161} INFO - Started process (PID=223) to work on /opt/airflow/dags/segunda-dag.py
[2024-12-01T04:10:28.658+0000] {processor.py:830} INFO - Processing file /opt/airflow/dags/segunda-dag.py for tasks to queue
[2024-12-01T04:10:28.665+0000] {logging_mixin.py:188} INFO - [2024-12-01T04:10:28.664+0000] {dagbag.py:545} INFO - Filling up the DagBag from /opt/airflow/dags/segunda-dag.py
[2024-12-01T04:10:28.709+0000] {processor.py:840} INFO - DAG(s) 'segunda-dag' retrieved from /opt/airflow/dags/segunda-dag.py
[2024-12-01T04:10:28.755+0000] {logging_mixin.py:188} INFO - [2024-12-01T04:10:28.754+0000] {dag.py:3089} INFO - Sync 1 DAGs
[2024-12-01T04:10:28.779+0000] {logging_mixin.py:188} INFO - [2024-12-01T04:10:28.779+0000] {dag.py:3947} INFO - Setting next_dagrun for segunda-dag to None, run_after=None
[2024-12-01T04:10:28.823+0000] {processor.py:183} INFO - Processing /opt/airflow/dags/segunda-dag.py took 0.184 seconds
[2024-12-01T04:10:33.952+0000] {processor.py:161} INFO - Started process (PID=225) to work on /opt/airflow/dags/segunda-dag.py
[2024-12-01T04:10:33.954+0000] {processor.py:830} INFO - Processing file /opt/airflow/dags/segunda-dag.py for tasks to queue
[2024-12-01T04:10:33.956+0000] {logging_mixin.py:188} INFO - [2024-12-01T04:10:33.956+0000] {dagbag.py:545} INFO - Filling up the DagBag from /opt/airflow/dags/segunda-dag.py
[2024-12-01T04:10:34.001+0000] {processor.py:840} INFO - DAG(s) 'segunda-dag' retrieved from /opt/airflow/dags/segunda-dag.py
[2024-12-01T04:10:34.043+0000] {logging_mixin.py:188} INFO - [2024-12-01T04:10:34.042+0000] {dag.py:3089} INFO - Sync 1 DAGs
[2024-12-01T04:10:34.070+0000] {logging_mixin.py:188} INFO - [2024-12-01T04:10:34.069+0000] {dag.py:3947} INFO - Setting next_dagrun for segunda-dag to None, run_after=None
[2024-12-01T04:10:34.143+0000] {processor.py:183} INFO - Processing /opt/airflow/dags/segunda-dag.py took 0.198 seconds
[2024-12-01T04:10:39.281+0000] {processor.py:161} INFO - Started process (PID=227) to work on /opt/airflow/dags/segunda-dag.py
[2024-12-01T04:10:39.283+0000] {processor.py:830} INFO - Processing file /opt/airflow/dags/segunda-dag.py for tasks to queue
[2024-12-01T04:10:39.285+0000] {logging_mixin.py:188} INFO - [2024-12-01T04:10:39.285+0000] {dagbag.py:545} INFO - Filling up the DagBag from /opt/airflow/dags/segunda-dag.py
[2024-12-01T04:10:39.305+0000] {processor.py:840} INFO - DAG(s) 'segunda-dag' retrieved from /opt/airflow/dags/segunda-dag.py
[2024-12-01T04:10:39.338+0000] {logging_mixin.py:188} INFO - [2024-12-01T04:10:39.338+0000] {dag.py:3089} INFO - Sync 1 DAGs
[2024-12-01T04:10:39.354+0000] {logging_mixin.py:188} INFO - [2024-12-01T04:10:39.354+0000] {dag.py:3947} INFO - Setting next_dagrun for segunda-dag to None, run_after=None
[2024-12-01T04:10:39.390+0000] {processor.py:183} INFO - Processing /opt/airflow/dags/segunda-dag.py took 0.116 seconds
[2024-12-01T04:10:44.529+0000] {processor.py:161} INFO - Started process (PID=229) to work on /opt/airflow/dags/segunda-dag.py
[2024-12-01T04:10:44.530+0000] {processor.py:830} INFO - Processing file /opt/airflow/dags/segunda-dag.py for tasks to queue
[2024-12-01T04:10:44.533+0000] {logging_mixin.py:188} INFO - [2024-12-01T04:10:44.532+0000] {dagbag.py:545} INFO - Filling up the DagBag from /opt/airflow/dags/segunda-dag.py
[2024-12-01T04:10:44.553+0000] {processor.py:840} INFO - DAG(s) 'segunda-dag' retrieved from /opt/airflow/dags/segunda-dag.py
[2024-12-01T04:10:44.582+0000] {logging_mixin.py:188} INFO - [2024-12-01T04:10:44.582+0000] {dag.py:3089} INFO - Sync 1 DAGs
[2024-12-01T04:10:44.598+0000] {logging_mixin.py:188} INFO - [2024-12-01T04:10:44.598+0000] {dag.py:3947} INFO - Setting next_dagrun for segunda-dag to None, run_after=None
[2024-12-01T04:10:44.655+0000] {processor.py:183} INFO - Processing /opt/airflow/dags/segunda-dag.py took 0.133 seconds
[2024-12-01T04:10:49.775+0000] {processor.py:161} INFO - Started process (PID=234) to work on /opt/airflow/dags/segunda-dag.py
[2024-12-01T04:10:49.777+0000] {processor.py:830} INFO - Processing file /opt/airflow/dags/segunda-dag.py for tasks to queue
[2024-12-01T04:10:49.782+0000] {logging_mixin.py:188} INFO - [2024-12-01T04:10:49.781+0000] {dagbag.py:545} INFO - Filling up the DagBag from /opt/airflow/dags/segunda-dag.py
[2024-12-01T04:10:49.822+0000] {processor.py:840} INFO - DAG(s) 'segunda-dag' retrieved from /opt/airflow/dags/segunda-dag.py
[2024-12-01T04:10:49.863+0000] {logging_mixin.py:188} INFO - [2024-12-01T04:10:49.862+0000] {dag.py:3089} INFO - Sync 1 DAGs
[2024-12-01T04:10:49.881+0000] {logging_mixin.py:188} INFO - [2024-12-01T04:10:49.881+0000] {dag.py:3947} INFO - Setting next_dagrun for segunda-dag to None, run_after=None
[2024-12-01T04:10:49.938+0000] {processor.py:183} INFO - Processing /opt/airflow/dags/segunda-dag.py took 0.179 seconds
[2024-12-01T04:10:55.037+0000] {processor.py:161} INFO - Started process (PID=236) to work on /opt/airflow/dags/segunda-dag.py
[2024-12-01T04:10:55.038+0000] {processor.py:830} INFO - Processing file /opt/airflow/dags/segunda-dag.py for tasks to queue
[2024-12-01T04:10:55.041+0000] {logging_mixin.py:188} INFO - [2024-12-01T04:10:55.040+0000] {dagbag.py:545} INFO - Filling up the DagBag from /opt/airflow/dags/segunda-dag.py
[2024-12-01T04:10:55.069+0000] {processor.py:840} INFO - DAG(s) 'segunda-dag' retrieved from /opt/airflow/dags/segunda-dag.py
[2024-12-01T04:10:55.127+0000] {logging_mixin.py:188} INFO - [2024-12-01T04:10:55.126+0000] {dag.py:3089} INFO - Sync 1 DAGs
[2024-12-01T04:10:55.161+0000] {logging_mixin.py:188} INFO - [2024-12-01T04:10:55.160+0000] {dag.py:3947} INFO - Setting next_dagrun for segunda-dag to None, run_after=None
[2024-12-01T04:10:55.216+0000] {processor.py:183} INFO - Processing /opt/airflow/dags/segunda-dag.py took 0.187 seconds
[2024-12-01T04:11:00.393+0000] {processor.py:161} INFO - Started process (PID=238) to work on /opt/airflow/dags/segunda-dag.py
[2024-12-01T04:11:00.394+0000] {processor.py:830} INFO - Processing file /opt/airflow/dags/segunda-dag.py for tasks to queue
[2024-12-01T04:11:00.398+0000] {logging_mixin.py:188} INFO - [2024-12-01T04:11:00.397+0000] {dagbag.py:545} INFO - Filling up the DagBag from /opt/airflow/dags/segunda-dag.py
[2024-12-01T04:11:00.448+0000] {processor.py:840} INFO - DAG(s) 'segunda-dag' retrieved from /opt/airflow/dags/segunda-dag.py
[2024-12-01T04:11:00.504+0000] {logging_mixin.py:188} INFO - [2024-12-01T04:11:00.503+0000] {dag.py:3089} INFO - Sync 1 DAGs
[2024-12-01T04:11:00.521+0000] {logging_mixin.py:188} INFO - [2024-12-01T04:11:00.521+0000] {dag.py:3947} INFO - Setting next_dagrun for segunda-dag to None, run_after=None
[2024-12-01T04:11:00.552+0000] {processor.py:183} INFO - Processing /opt/airflow/dags/segunda-dag.py took 0.169 seconds
[2024-12-01T04:11:05.695+0000] {processor.py:161} INFO - Started process (PID=240) to work on /opt/airflow/dags/segunda-dag.py
[2024-12-01T04:11:05.698+0000] {processor.py:830} INFO - Processing file /opt/airflow/dags/segunda-dag.py for tasks to queue
[2024-12-01T04:11:05.703+0000] {logging_mixin.py:188} INFO - [2024-12-01T04:11:05.702+0000] {dagbag.py:545} INFO - Filling up the DagBag from /opt/airflow/dags/segunda-dag.py
[2024-12-01T04:11:05.772+0000] {processor.py:840} INFO - DAG(s) 'segunda-dag' retrieved from /opt/airflow/dags/segunda-dag.py
[2024-12-01T04:11:05.840+0000] {logging_mixin.py:188} INFO - [2024-12-01T04:11:05.839+0000] {dag.py:3089} INFO - Sync 1 DAGs
[2024-12-01T04:11:05.855+0000] {logging_mixin.py:188} INFO - [2024-12-01T04:11:05.855+0000] {dag.py:3947} INFO - Setting next_dagrun for segunda-dag to None, run_after=None
[2024-12-01T04:11:05.890+0000] {processor.py:183} INFO - Processing /opt/airflow/dags/segunda-dag.py took 0.205 seconds
[2024-12-01T04:11:11.033+0000] {processor.py:161} INFO - Started process (PID=242) to work on /opt/airflow/dags/segunda-dag.py
[2024-12-01T04:11:11.035+0000] {processor.py:830} INFO - Processing file /opt/airflow/dags/segunda-dag.py for tasks to queue
[2024-12-01T04:11:11.039+0000] {logging_mixin.py:188} INFO - [2024-12-01T04:11:11.038+0000] {dagbag.py:545} INFO - Filling up the DagBag from /opt/airflow/dags/segunda-dag.py
[2024-12-01T04:11:11.081+0000] {processor.py:840} INFO - DAG(s) 'segunda-dag' retrieved from /opt/airflow/dags/segunda-dag.py
[2024-12-01T04:11:11.125+0000] {logging_mixin.py:188} INFO - [2024-12-01T04:11:11.125+0000] {dag.py:3089} INFO - Sync 1 DAGs
[2024-12-01T04:11:11.143+0000] {logging_mixin.py:188} INFO - [2024-12-01T04:11:11.143+0000] {dag.py:3947} INFO - Setting next_dagrun for segunda-dag to None, run_after=None
[2024-12-01T04:11:11.176+0000] {processor.py:183} INFO - Processing /opt/airflow/dags/segunda-dag.py took 0.158 seconds
[2024-12-01T04:11:16.383+0000] {processor.py:161} INFO - Started process (PID=247) to work on /opt/airflow/dags/segunda-dag.py
[2024-12-01T04:11:16.384+0000] {processor.py:830} INFO - Processing file /opt/airflow/dags/segunda-dag.py for tasks to queue
[2024-12-01T04:11:16.388+0000] {logging_mixin.py:188} INFO - [2024-12-01T04:11:16.387+0000] {dagbag.py:545} INFO - Filling up the DagBag from /opt/airflow/dags/segunda-dag.py
[2024-12-01T04:11:16.427+0000] {processor.py:840} INFO - DAG(s) 'segunda-dag' retrieved from /opt/airflow/dags/segunda-dag.py
[2024-12-01T04:11:16.481+0000] {logging_mixin.py:188} INFO - [2024-12-01T04:11:16.481+0000] {dag.py:3089} INFO - Sync 1 DAGs
[2024-12-01T04:11:16.507+0000] {logging_mixin.py:188} INFO - [2024-12-01T04:11:16.507+0000] {dag.py:3947} INFO - Setting next_dagrun for segunda-dag to None, run_after=None
[2024-12-01T04:11:16.542+0000] {processor.py:183} INFO - Processing /opt/airflow/dags/segunda-dag.py took 0.167 seconds
[2024-12-01T04:11:21.687+0000] {processor.py:161} INFO - Started process (PID=249) to work on /opt/airflow/dags/segunda-dag.py
[2024-12-01T04:11:21.689+0000] {processor.py:830} INFO - Processing file /opt/airflow/dags/segunda-dag.py for tasks to queue
[2024-12-01T04:11:21.693+0000] {logging_mixin.py:188} INFO - [2024-12-01T04:11:21.692+0000] {dagbag.py:545} INFO - Filling up the DagBag from /opt/airflow/dags/segunda-dag.py
[2024-12-01T04:11:21.741+0000] {processor.py:840} INFO - DAG(s) 'segunda-dag' retrieved from /opt/airflow/dags/segunda-dag.py
[2024-12-01T04:11:21.769+0000] {logging_mixin.py:188} INFO - [2024-12-01T04:11:21.768+0000] {dag.py:3089} INFO - Sync 1 DAGs
[2024-12-01T04:11:21.782+0000] {logging_mixin.py:188} INFO - [2024-12-01T04:11:21.782+0000] {dag.py:3947} INFO - Setting next_dagrun for segunda-dag to None, run_after=None
[2024-12-01T04:11:21.806+0000] {processor.py:183} INFO - Processing /opt/airflow/dags/segunda-dag.py took 0.130 seconds
[2024-12-01T04:11:26.917+0000] {processor.py:161} INFO - Started process (PID=251) to work on /opt/airflow/dags/segunda-dag.py
[2024-12-01T04:11:26.919+0000] {processor.py:830} INFO - Processing file /opt/airflow/dags/segunda-dag.py for tasks to queue
[2024-12-01T04:11:26.922+0000] {logging_mixin.py:188} INFO - [2024-12-01T04:11:26.921+0000] {dagbag.py:545} INFO - Filling up the DagBag from /opt/airflow/dags/segunda-dag.py
[2024-12-01T04:11:26.977+0000] {processor.py:840} INFO - DAG(s) 'segunda-dag' retrieved from /opt/airflow/dags/segunda-dag.py
[2024-12-01T04:11:27.022+0000] {logging_mixin.py:188} INFO - [2024-12-01T04:11:27.021+0000] {dag.py:3089} INFO - Sync 1 DAGs
[2024-12-01T04:11:27.046+0000] {logging_mixin.py:188} INFO - [2024-12-01T04:11:27.046+0000] {dag.py:3947} INFO - Setting next_dagrun for segunda-dag to None, run_after=None
[2024-12-01T04:11:27.134+0000] {processor.py:183} INFO - Processing /opt/airflow/dags/segunda-dag.py took 0.225 seconds
[2024-12-01T04:11:32.260+0000] {processor.py:161} INFO - Started process (PID=253) to work on /opt/airflow/dags/segunda-dag.py
[2024-12-01T04:11:32.263+0000] {processor.py:830} INFO - Processing file /opt/airflow/dags/segunda-dag.py for tasks to queue
[2024-12-01T04:11:32.266+0000] {logging_mixin.py:188} INFO - [2024-12-01T04:11:32.266+0000] {dagbag.py:545} INFO - Filling up the DagBag from /opt/airflow/dags/segunda-dag.py
[2024-12-01T04:11:32.316+0000] {processor.py:840} INFO - DAG(s) 'segunda-dag' retrieved from /opt/airflow/dags/segunda-dag.py
[2024-12-01T04:11:32.354+0000] {logging_mixin.py:188} INFO - [2024-12-01T04:11:32.353+0000] {dag.py:3089} INFO - Sync 1 DAGs
[2024-12-01T04:11:32.373+0000] {logging_mixin.py:188} INFO - [2024-12-01T04:11:32.372+0000] {dag.py:3947} INFO - Setting next_dagrun for segunda-dag to None, run_after=None
[2024-12-01T04:11:32.398+0000] {processor.py:183} INFO - Processing /opt/airflow/dags/segunda-dag.py took 0.150 seconds
[2024-12-01T04:11:37.605+0000] {processor.py:161} INFO - Started process (PID=255) to work on /opt/airflow/dags/segunda-dag.py
[2024-12-01T04:11:37.607+0000] {processor.py:830} INFO - Processing file /opt/airflow/dags/segunda-dag.py for tasks to queue
[2024-12-01T04:11:37.609+0000] {logging_mixin.py:188} INFO - [2024-12-01T04:11:37.609+0000] {dagbag.py:545} INFO - Filling up the DagBag from /opt/airflow/dags/segunda-dag.py
[2024-12-01T04:11:37.634+0000] {processor.py:840} INFO - DAG(s) 'segunda-dag' retrieved from /opt/airflow/dags/segunda-dag.py
[2024-12-01T04:11:37.667+0000] {logging_mixin.py:188} INFO - [2024-12-01T04:11:37.667+0000] {dag.py:3089} INFO - Sync 1 DAGs
[2024-12-01T04:11:37.683+0000] {logging_mixin.py:188} INFO - [2024-12-01T04:11:37.683+0000] {dag.py:3947} INFO - Setting next_dagrun for segunda-dag to None, run_after=None
[2024-12-01T04:11:37.742+0000] {processor.py:183} INFO - Processing /opt/airflow/dags/segunda-dag.py took 0.145 seconds
[2024-12-01T04:11:42.844+0000] {processor.py:161} INFO - Started process (PID=257) to work on /opt/airflow/dags/segunda-dag.py
[2024-12-01T04:11:42.845+0000] {processor.py:830} INFO - Processing file /opt/airflow/dags/segunda-dag.py for tasks to queue
[2024-12-01T04:11:42.848+0000] {logging_mixin.py:188} INFO - [2024-12-01T04:11:42.847+0000] {dagbag.py:545} INFO - Filling up the DagBag from /opt/airflow/dags/segunda-dag.py
[2024-12-01T04:11:42.875+0000] {processor.py:840} INFO - DAG(s) 'segunda-dag' retrieved from /opt/airflow/dags/segunda-dag.py
[2024-12-01T04:11:42.907+0000] {logging_mixin.py:188} INFO - [2024-12-01T04:11:42.906+0000] {dag.py:3089} INFO - Sync 1 DAGs
[2024-12-01T04:11:42.920+0000] {logging_mixin.py:188} INFO - [2024-12-01T04:11:42.920+0000] {dag.py:3947} INFO - Setting next_dagrun for segunda-dag to None, run_after=None
[2024-12-01T04:11:42.980+0000] {processor.py:183} INFO - Processing /opt/airflow/dags/segunda-dag.py took 0.144 seconds
[2024-12-01T04:11:48.106+0000] {processor.py:161} INFO - Started process (PID=262) to work on /opt/airflow/dags/segunda-dag.py
[2024-12-01T04:11:48.108+0000] {processor.py:830} INFO - Processing file /opt/airflow/dags/segunda-dag.py for tasks to queue
[2024-12-01T04:11:48.110+0000] {logging_mixin.py:188} INFO - [2024-12-01T04:11:48.109+0000] {dagbag.py:545} INFO - Filling up the DagBag from /opt/airflow/dags/segunda-dag.py
[2024-12-01T04:11:48.130+0000] {processor.py:840} INFO - DAG(s) 'segunda-dag' retrieved from /opt/airflow/dags/segunda-dag.py
[2024-12-01T04:11:48.166+0000] {logging_mixin.py:188} INFO - [2024-12-01T04:11:48.166+0000] {dag.py:3089} INFO - Sync 1 DAGs
[2024-12-01T04:11:48.179+0000] {logging_mixin.py:188} INFO - [2024-12-01T04:11:48.179+0000] {dag.py:3947} INFO - Setting next_dagrun for segunda-dag to None, run_after=None
[2024-12-01T04:11:48.241+0000] {processor.py:183} INFO - Processing /opt/airflow/dags/segunda-dag.py took 0.142 seconds
[2024-12-01T04:11:53.369+0000] {processor.py:161} INFO - Started process (PID=264) to work on /opt/airflow/dags/segunda-dag.py
[2024-12-01T04:11:53.372+0000] {processor.py:830} INFO - Processing file /opt/airflow/dags/segunda-dag.py for tasks to queue
[2024-12-01T04:11:53.378+0000] {logging_mixin.py:188} INFO - [2024-12-01T04:11:53.377+0000] {dagbag.py:545} INFO - Filling up the DagBag from /opt/airflow/dags/segunda-dag.py
[2024-12-01T04:11:53.423+0000] {processor.py:840} INFO - DAG(s) 'segunda-dag' retrieved from /opt/airflow/dags/segunda-dag.py
[2024-12-01T04:11:53.481+0000] {logging_mixin.py:188} INFO - [2024-12-01T04:11:53.481+0000] {dag.py:3089} INFO - Sync 1 DAGs
[2024-12-01T04:11:53.505+0000] {logging_mixin.py:188} INFO - [2024-12-01T04:11:53.505+0000] {dag.py:3947} INFO - Setting next_dagrun for segunda-dag to None, run_after=None
[2024-12-01T04:11:53.563+0000] {processor.py:183} INFO - Processing /opt/airflow/dags/segunda-dag.py took 0.212 seconds
[2024-12-01T04:11:58.732+0000] {processor.py:161} INFO - Started process (PID=266) to work on /opt/airflow/dags/segunda-dag.py
[2024-12-01T04:11:58.736+0000] {processor.py:830} INFO - Processing file /opt/airflow/dags/segunda-dag.py for tasks to queue
[2024-12-01T04:11:58.740+0000] {logging_mixin.py:188} INFO - [2024-12-01T04:11:58.740+0000] {dagbag.py:545} INFO - Filling up the DagBag from /opt/airflow/dags/segunda-dag.py
[2024-12-01T04:11:58.793+0000] {processor.py:840} INFO - DAG(s) 'segunda-dag' retrieved from /opt/airflow/dags/segunda-dag.py
[2024-12-01T04:11:58.841+0000] {logging_mixin.py:188} INFO - [2024-12-01T04:11:58.841+0000] {dag.py:3089} INFO - Sync 1 DAGs
[2024-12-01T04:11:58.864+0000] {logging_mixin.py:188} INFO - [2024-12-01T04:11:58.864+0000] {dag.py:3947} INFO - Setting next_dagrun for segunda-dag to None, run_after=None
[2024-12-01T04:11:58.906+0000] {processor.py:183} INFO - Processing /opt/airflow/dags/segunda-dag.py took 0.188 seconds
[2024-12-01T04:12:04.065+0000] {processor.py:161} INFO - Started process (PID=268) to work on /opt/airflow/dags/segunda-dag.py
[2024-12-01T04:12:04.068+0000] {processor.py:830} INFO - Processing file /opt/airflow/dags/segunda-dag.py for tasks to queue
[2024-12-01T04:12:04.073+0000] {logging_mixin.py:188} INFO - [2024-12-01T04:12:04.072+0000] {dagbag.py:545} INFO - Filling up the DagBag from /opt/airflow/dags/segunda-dag.py
[2024-12-01T04:12:04.133+0000] {processor.py:840} INFO - DAG(s) 'segunda-dag' retrieved from /opt/airflow/dags/segunda-dag.py
[2024-12-01T04:12:04.175+0000] {logging_mixin.py:188} INFO - [2024-12-01T04:12:04.175+0000] {dag.py:3089} INFO - Sync 1 DAGs
[2024-12-01T04:12:04.192+0000] {logging_mixin.py:188} INFO - [2024-12-01T04:12:04.192+0000] {dag.py:3947} INFO - Setting next_dagrun for segunda-dag to None, run_after=None
[2024-12-01T04:12:04.262+0000] {processor.py:183} INFO - Processing /opt/airflow/dags/segunda-dag.py took 0.211 seconds
[2024-12-01T04:12:09.389+0000] {processor.py:161} INFO - Started process (PID=270) to work on /opt/airflow/dags/segunda-dag.py
[2024-12-01T04:12:09.394+0000] {processor.py:830} INFO - Processing file /opt/airflow/dags/segunda-dag.py for tasks to queue
[2024-12-01T04:12:09.398+0000] {logging_mixin.py:188} INFO - [2024-12-01T04:12:09.398+0000] {dagbag.py:545} INFO - Filling up the DagBag from /opt/airflow/dags/segunda-dag.py
[2024-12-01T04:12:09.463+0000] {processor.py:840} INFO - DAG(s) 'segunda-dag' retrieved from /opt/airflow/dags/segunda-dag.py
[2024-12-01T04:12:09.515+0000] {logging_mixin.py:188} INFO - [2024-12-01T04:12:09.514+0000] {dag.py:3089} INFO - Sync 1 DAGs
[2024-12-01T04:12:09.536+0000] {logging_mixin.py:188} INFO - [2024-12-01T04:12:09.536+0000] {dag.py:3947} INFO - Setting next_dagrun for segunda-dag to None, run_after=None
[2024-12-01T04:12:09.568+0000] {processor.py:183} INFO - Processing /opt/airflow/dags/segunda-dag.py took 0.190 seconds
[2024-12-01T04:12:14.726+0000] {processor.py:161} INFO - Started process (PID=272) to work on /opt/airflow/dags/segunda-dag.py
[2024-12-01T04:12:14.728+0000] {processor.py:830} INFO - Processing file /opt/airflow/dags/segunda-dag.py for tasks to queue
[2024-12-01T04:12:14.730+0000] {logging_mixin.py:188} INFO - [2024-12-01T04:12:14.730+0000] {dagbag.py:545} INFO - Filling up the DagBag from /opt/airflow/dags/segunda-dag.py
[2024-12-01T04:12:14.754+0000] {processor.py:840} INFO - DAG(s) 'segunda-dag' retrieved from /opt/airflow/dags/segunda-dag.py
[2024-12-01T04:12:14.787+0000] {logging_mixin.py:188} INFO - [2024-12-01T04:12:14.786+0000] {dag.py:3089} INFO - Sync 1 DAGs
[2024-12-01T04:12:14.801+0000] {logging_mixin.py:188} INFO - [2024-12-01T04:12:14.801+0000] {dag.py:3947} INFO - Setting next_dagrun for segunda-dag to None, run_after=None
[2024-12-01T04:12:14.860+0000] {processor.py:183} INFO - Processing /opt/airflow/dags/segunda-dag.py took 0.144 seconds
[2024-12-01T04:12:20.127+0000] {processor.py:161} INFO - Started process (PID=277) to work on /opt/airflow/dags/segunda-dag.py
[2024-12-01T04:12:20.129+0000] {processor.py:830} INFO - Processing file /opt/airflow/dags/segunda-dag.py for tasks to queue
[2024-12-01T04:12:20.135+0000] {logging_mixin.py:188} INFO - [2024-12-01T04:12:20.134+0000] {dagbag.py:545} INFO - Filling up the DagBag from /opt/airflow/dags/segunda-dag.py
[2024-12-01T04:12:20.169+0000] {processor.py:840} INFO - DAG(s) 'segunda-dag' retrieved from /opt/airflow/dags/segunda-dag.py
[2024-12-01T04:12:20.213+0000] {logging_mixin.py:188} INFO - [2024-12-01T04:12:20.212+0000] {dag.py:3089} INFO - Sync 1 DAGs
[2024-12-01T04:12:20.237+0000] {logging_mixin.py:188} INFO - [2024-12-01T04:12:20.236+0000] {dag.py:3947} INFO - Setting next_dagrun for segunda-dag to None, run_after=None
[2024-12-01T04:12:20.264+0000] {processor.py:183} INFO - Processing /opt/airflow/dags/segunda-dag.py took 0.147 seconds
[2024-12-01T04:12:25.416+0000] {processor.py:161} INFO - Started process (PID=279) to work on /opt/airflow/dags/segunda-dag.py
[2024-12-01T04:12:25.417+0000] {processor.py:830} INFO - Processing file /opt/airflow/dags/segunda-dag.py for tasks to queue
[2024-12-01T04:12:25.421+0000] {logging_mixin.py:188} INFO - [2024-12-01T04:12:25.420+0000] {dagbag.py:545} INFO - Filling up the DagBag from /opt/airflow/dags/segunda-dag.py
[2024-12-01T04:12:25.461+0000] {processor.py:840} INFO - DAG(s) 'segunda-dag' retrieved from /opt/airflow/dags/segunda-dag.py
[2024-12-01T04:12:25.495+0000] {logging_mixin.py:188} INFO - [2024-12-01T04:12:25.495+0000] {dag.py:3089} INFO - Sync 1 DAGs
[2024-12-01T04:12:25.510+0000] {logging_mixin.py:188} INFO - [2024-12-01T04:12:25.509+0000] {dag.py:3947} INFO - Setting next_dagrun for segunda-dag to None, run_after=None
[2024-12-01T04:12:25.545+0000] {processor.py:183} INFO - Processing /opt/airflow/dags/segunda-dag.py took 0.136 seconds
[2024-12-01T04:12:30.708+0000] {processor.py:161} INFO - Started process (PID=281) to work on /opt/airflow/dags/segunda-dag.py
[2024-12-01T04:12:30.710+0000] {processor.py:830} INFO - Processing file /opt/airflow/dags/segunda-dag.py for tasks to queue
[2024-12-01T04:12:30.712+0000] {logging_mixin.py:188} INFO - [2024-12-01T04:12:30.712+0000] {dagbag.py:545} INFO - Filling up the DagBag from /opt/airflow/dags/segunda-dag.py
[2024-12-01T04:12:30.741+0000] {processor.py:840} INFO - DAG(s) 'segunda-dag' retrieved from /opt/airflow/dags/segunda-dag.py
[2024-12-01T04:12:30.784+0000] {logging_mixin.py:188} INFO - [2024-12-01T04:12:30.783+0000] {dag.py:3089} INFO - Sync 1 DAGs
[2024-12-01T04:12:30.814+0000] {logging_mixin.py:188} INFO - [2024-12-01T04:12:30.814+0000] {dag.py:3947} INFO - Setting next_dagrun for segunda-dag to None, run_after=None
[2024-12-01T04:12:30.890+0000] {processor.py:183} INFO - Processing /opt/airflow/dags/segunda-dag.py took 0.193 seconds
[2024-12-01T04:12:36.111+0000] {processor.py:161} INFO - Started process (PID=283) to work on /opt/airflow/dags/segunda-dag.py
[2024-12-01T04:12:36.115+0000] {processor.py:830} INFO - Processing file /opt/airflow/dags/segunda-dag.py for tasks to queue
[2024-12-01T04:12:36.119+0000] {logging_mixin.py:188} INFO - [2024-12-01T04:12:36.119+0000] {dagbag.py:545} INFO - Filling up the DagBag from /opt/airflow/dags/segunda-dag.py
[2024-12-01T04:12:36.193+0000] {processor.py:840} INFO - DAG(s) 'segunda-dag' retrieved from /opt/airflow/dags/segunda-dag.py
[2024-12-01T04:12:36.270+0000] {logging_mixin.py:188} INFO - [2024-12-01T04:12:36.270+0000] {dag.py:3089} INFO - Sync 1 DAGs
[2024-12-01T04:12:36.298+0000] {logging_mixin.py:188} INFO - [2024-12-01T04:12:36.297+0000] {dag.py:3947} INFO - Setting next_dagrun for segunda-dag to None, run_after=None
[2024-12-01T04:12:36.367+0000] {processor.py:183} INFO - Processing /opt/airflow/dags/segunda-dag.py took 0.268 seconds
[2024-12-01T04:12:41.524+0000] {processor.py:161} INFO - Started process (PID=285) to work on /opt/airflow/dags/segunda-dag.py
[2024-12-01T04:12:41.527+0000] {processor.py:830} INFO - Processing file /opt/airflow/dags/segunda-dag.py for tasks to queue
[2024-12-01T04:12:41.531+0000] {logging_mixin.py:188} INFO - [2024-12-01T04:12:41.531+0000] {dagbag.py:545} INFO - Filling up the DagBag from /opt/airflow/dags/segunda-dag.py
[2024-12-01T04:12:41.590+0000] {processor.py:840} INFO - DAG(s) 'segunda-dag' retrieved from /opt/airflow/dags/segunda-dag.py
[2024-12-01T04:12:41.658+0000] {logging_mixin.py:188} INFO - [2024-12-01T04:12:41.657+0000] {dag.py:3089} INFO - Sync 1 DAGs
[2024-12-01T04:12:41.690+0000] {logging_mixin.py:188} INFO - [2024-12-01T04:12:41.690+0000] {dag.py:3947} INFO - Setting next_dagrun for segunda-dag to None, run_after=None
[2024-12-01T04:12:41.768+0000] {processor.py:183} INFO - Processing /opt/airflow/dags/segunda-dag.py took 0.259 seconds
[2024-12-01T04:12:46.905+0000] {processor.py:161} INFO - Started process (PID=287) to work on /opt/airflow/dags/segunda-dag.py
[2024-12-01T04:12:46.907+0000] {processor.py:830} INFO - Processing file /opt/airflow/dags/segunda-dag.py for tasks to queue
[2024-12-01T04:12:46.911+0000] {logging_mixin.py:188} INFO - [2024-12-01T04:12:46.910+0000] {dagbag.py:545} INFO - Filling up the DagBag from /opt/airflow/dags/segunda-dag.py
[2024-12-01T04:12:46.953+0000] {processor.py:840} INFO - DAG(s) 'segunda-dag' retrieved from /opt/airflow/dags/segunda-dag.py
[2024-12-01T04:12:47.020+0000] {logging_mixin.py:188} INFO - [2024-12-01T04:12:47.019+0000] {dag.py:3089} INFO - Sync 1 DAGs
[2024-12-01T04:12:47.044+0000] {logging_mixin.py:188} INFO - [2024-12-01T04:12:47.044+0000] {dag.py:3947} INFO - Setting next_dagrun for segunda-dag to None, run_after=None
[2024-12-01T04:12:47.091+0000] {processor.py:183} INFO - Processing /opt/airflow/dags/segunda-dag.py took 0.194 seconds
[2024-12-01T04:12:52.208+0000] {processor.py:161} INFO - Started process (PID=292) to work on /opt/airflow/dags/segunda-dag.py
[2024-12-01T04:12:52.210+0000] {processor.py:830} INFO - Processing file /opt/airflow/dags/segunda-dag.py for tasks to queue
[2024-12-01T04:12:52.213+0000] {logging_mixin.py:188} INFO - [2024-12-01T04:12:52.212+0000] {dagbag.py:545} INFO - Filling up the DagBag from /opt/airflow/dags/segunda-dag.py
[2024-12-01T04:12:52.244+0000] {processor.py:840} INFO - DAG(s) 'segunda-dag' retrieved from /opt/airflow/dags/segunda-dag.py
[2024-12-01T04:12:52.277+0000] {logging_mixin.py:188} INFO - [2024-12-01T04:12:52.277+0000] {dag.py:3089} INFO - Sync 1 DAGs
[2024-12-01T04:12:52.293+0000] {logging_mixin.py:188} INFO - [2024-12-01T04:12:52.293+0000] {dag.py:3947} INFO - Setting next_dagrun for segunda-dag to None, run_after=None
[2024-12-01T04:12:52.350+0000] {processor.py:183} INFO - Processing /opt/airflow/dags/segunda-dag.py took 0.149 seconds
[2024-12-01T04:12:57.643+0000] {processor.py:161} INFO - Started process (PID=294) to work on /opt/airflow/dags/segunda-dag.py
[2024-12-01T04:12:57.646+0000] {processor.py:830} INFO - Processing file /opt/airflow/dags/segunda-dag.py for tasks to queue
[2024-12-01T04:12:57.651+0000] {logging_mixin.py:188} INFO - [2024-12-01T04:12:57.650+0000] {dagbag.py:545} INFO - Filling up the DagBag from /opt/airflow/dags/segunda-dag.py
[2024-12-01T04:12:57.701+0000] {processor.py:840} INFO - DAG(s) 'segunda-dag' retrieved from /opt/airflow/dags/segunda-dag.py
[2024-12-01T04:12:57.755+0000] {logging_mixin.py:188} INFO - [2024-12-01T04:12:57.755+0000] {dag.py:3089} INFO - Sync 1 DAGs
[2024-12-01T04:12:57.771+0000] {logging_mixin.py:188} INFO - [2024-12-01T04:12:57.771+0000] {dag.py:3947} INFO - Setting next_dagrun for segunda-dag to None, run_after=None
[2024-12-01T04:12:57.841+0000] {processor.py:183} INFO - Processing /opt/airflow/dags/segunda-dag.py took 0.209 seconds
[2024-12-01T04:13:02.957+0000] {processor.py:161} INFO - Started process (PID=296) to work on /opt/airflow/dags/segunda-dag.py
[2024-12-01T04:13:02.959+0000] {processor.py:830} INFO - Processing file /opt/airflow/dags/segunda-dag.py for tasks to queue
[2024-12-01T04:13:02.962+0000] {logging_mixin.py:188} INFO - [2024-12-01T04:13:02.961+0000] {dagbag.py:545} INFO - Filling up the DagBag from /opt/airflow/dags/segunda-dag.py
[2024-12-01T04:13:02.997+0000] {processor.py:840} INFO - DAG(s) 'segunda-dag' retrieved from /opt/airflow/dags/segunda-dag.py
[2024-12-01T04:13:03.038+0000] {logging_mixin.py:188} INFO - [2024-12-01T04:13:03.037+0000] {dag.py:3089} INFO - Sync 1 DAGs
[2024-12-01T04:13:03.059+0000] {logging_mixin.py:188} INFO - [2024-12-01T04:13:03.059+0000] {dag.py:3947} INFO - Setting next_dagrun for segunda-dag to None, run_after=None
[2024-12-01T04:13:03.096+0000] {processor.py:183} INFO - Processing /opt/airflow/dags/segunda-dag.py took 0.147 seconds
[2024-12-01T04:13:08.217+0000] {processor.py:161} INFO - Started process (PID=298) to work on /opt/airflow/dags/segunda-dag.py
[2024-12-01T04:13:08.220+0000] {processor.py:830} INFO - Processing file /opt/airflow/dags/segunda-dag.py for tasks to queue
[2024-12-01T04:13:08.224+0000] {logging_mixin.py:188} INFO - [2024-12-01T04:13:08.223+0000] {dagbag.py:545} INFO - Filling up the DagBag from /opt/airflow/dags/segunda-dag.py
[2024-12-01T04:13:08.271+0000] {processor.py:840} INFO - DAG(s) 'segunda-dag' retrieved from /opt/airflow/dags/segunda-dag.py
[2024-12-01T04:13:08.327+0000] {logging_mixin.py:188} INFO - [2024-12-01T04:13:08.326+0000] {dag.py:3089} INFO - Sync 1 DAGs
[2024-12-01T04:13:08.345+0000] {logging_mixin.py:188} INFO - [2024-12-01T04:13:08.345+0000] {dag.py:3947} INFO - Setting next_dagrun for segunda-dag to None, run_after=None
[2024-12-01T04:13:08.385+0000] {processor.py:183} INFO - Processing /opt/airflow/dags/segunda-dag.py took 0.181 seconds
[2024-12-01T04:13:13.539+0000] {processor.py:161} INFO - Started process (PID=300) to work on /opt/airflow/dags/segunda-dag.py
[2024-12-01T04:13:13.541+0000] {processor.py:830} INFO - Processing file /opt/airflow/dags/segunda-dag.py for tasks to queue
[2024-12-01T04:13:13.548+0000] {logging_mixin.py:188} INFO - [2024-12-01T04:13:13.547+0000] {dagbag.py:545} INFO - Filling up the DagBag from /opt/airflow/dags/segunda-dag.py
[2024-12-01T04:13:13.600+0000] {processor.py:840} INFO - DAG(s) 'segunda-dag' retrieved from /opt/airflow/dags/segunda-dag.py
[2024-12-01T04:13:13.648+0000] {logging_mixin.py:188} INFO - [2024-12-01T04:13:13.647+0000] {dag.py:3089} INFO - Sync 1 DAGs
[2024-12-01T04:13:13.679+0000] {logging_mixin.py:188} INFO - [2024-12-01T04:13:13.678+0000] {dag.py:3947} INFO - Setting next_dagrun for segunda-dag to None, run_after=None
[2024-12-01T04:13:13.759+0000] {processor.py:183} INFO - Processing /opt/airflow/dags/segunda-dag.py took 0.241 seconds
[2024-12-01T04:13:19.010+0000] {processor.py:161} INFO - Started process (PID=302) to work on /opt/airflow/dags/segunda-dag.py
[2024-12-01T04:13:19.012+0000] {processor.py:830} INFO - Processing file /opt/airflow/dags/segunda-dag.py for tasks to queue
[2024-12-01T04:13:19.014+0000] {logging_mixin.py:188} INFO - [2024-12-01T04:13:19.014+0000] {dagbag.py:545} INFO - Filling up the DagBag from /opt/airflow/dags/segunda-dag.py
[2024-12-01T04:13:19.071+0000] {processor.py:840} INFO - DAG(s) 'segunda-dag' retrieved from /opt/airflow/dags/segunda-dag.py
[2024-12-01T04:13:19.108+0000] {logging_mixin.py:188} INFO - [2024-12-01T04:13:19.108+0000] {dag.py:3089} INFO - Sync 1 DAGs
[2024-12-01T04:13:19.128+0000] {logging_mixin.py:188} INFO - [2024-12-01T04:13:19.127+0000] {dag.py:3947} INFO - Setting next_dagrun for segunda-dag to None, run_after=None
[2024-12-01T04:13:19.160+0000] {processor.py:183} INFO - Processing /opt/airflow/dags/segunda-dag.py took 0.157 seconds
[2024-12-01T04:13:24.377+0000] {processor.py:161} INFO - Started process (PID=307) to work on /opt/airflow/dags/segunda-dag.py
[2024-12-01T04:13:24.379+0000] {processor.py:830} INFO - Processing file /opt/airflow/dags/segunda-dag.py for tasks to queue
[2024-12-01T04:13:24.382+0000] {logging_mixin.py:188} INFO - [2024-12-01T04:13:24.381+0000] {dagbag.py:545} INFO - Filling up the DagBag from /opt/airflow/dags/segunda-dag.py
[2024-12-01T04:13:24.488+0000] {processor.py:840} INFO - DAG(s) 'segunda-dag' retrieved from /opt/airflow/dags/segunda-dag.py
[2024-12-01T04:13:24.541+0000] {logging_mixin.py:188} INFO - [2024-12-01T04:13:24.541+0000] {dag.py:3089} INFO - Sync 1 DAGs
[2024-12-01T04:13:24.560+0000] {logging_mixin.py:188} INFO - [2024-12-01T04:13:24.560+0000] {dag.py:3947} INFO - Setting next_dagrun for segunda-dag to None, run_after=None
[2024-12-01T04:13:24.628+0000] {processor.py:183} INFO - Processing /opt/airflow/dags/segunda-dag.py took 0.259 seconds
[2024-12-01T04:13:29.828+0000] {processor.py:161} INFO - Started process (PID=309) to work on /opt/airflow/dags/segunda-dag.py
[2024-12-01T04:13:29.834+0000] {processor.py:830} INFO - Processing file /opt/airflow/dags/segunda-dag.py for tasks to queue
[2024-12-01T04:13:29.840+0000] {logging_mixin.py:188} INFO - [2024-12-01T04:13:29.839+0000] {dagbag.py:545} INFO - Filling up the DagBag from /opt/airflow/dags/segunda-dag.py
[2024-12-01T04:13:29.900+0000] {processor.py:840} INFO - DAG(s) 'segunda-dag' retrieved from /opt/airflow/dags/segunda-dag.py
[2024-12-01T04:13:29.972+0000] {logging_mixin.py:188} INFO - [2024-12-01T04:13:29.971+0000] {dag.py:3089} INFO - Sync 1 DAGs
[2024-12-01T04:13:30.010+0000] {logging_mixin.py:188} INFO - [2024-12-01T04:13:30.010+0000] {dag.py:3947} INFO - Setting next_dagrun for segunda-dag to None, run_after=None
[2024-12-01T04:13:30.099+0000] {processor.py:183} INFO - Processing /opt/airflow/dags/segunda-dag.py took 0.292 seconds
[2024-12-01T04:13:35.258+0000] {processor.py:161} INFO - Started process (PID=311) to work on /opt/airflow/dags/segunda-dag.py
[2024-12-01T04:13:35.261+0000] {processor.py:830} INFO - Processing file /opt/airflow/dags/segunda-dag.py for tasks to queue
[2024-12-01T04:13:35.265+0000] {logging_mixin.py:188} INFO - [2024-12-01T04:13:35.265+0000] {dagbag.py:545} INFO - Filling up the DagBag from /opt/airflow/dags/segunda-dag.py
[2024-12-01T04:13:35.388+0000] {processor.py:840} INFO - DAG(s) 'segunda-dag' retrieved from /opt/airflow/dags/segunda-dag.py
[2024-12-01T04:13:35.445+0000] {logging_mixin.py:188} INFO - [2024-12-01T04:13:35.444+0000] {dag.py:3089} INFO - Sync 1 DAGs
[2024-12-01T04:13:35.470+0000] {logging_mixin.py:188} INFO - [2024-12-01T04:13:35.469+0000] {dag.py:3947} INFO - Setting next_dagrun for segunda-dag to None, run_after=None
[2024-12-01T04:13:35.514+0000] {processor.py:183} INFO - Processing /opt/airflow/dags/segunda-dag.py took 0.274 seconds
[2024-12-01T04:13:40.679+0000] {processor.py:161} INFO - Started process (PID=313) to work on /opt/airflow/dags/segunda-dag.py
[2024-12-01T04:13:40.682+0000] {processor.py:830} INFO - Processing file /opt/airflow/dags/segunda-dag.py for tasks to queue
[2024-12-01T04:13:40.689+0000] {logging_mixin.py:188} INFO - [2024-12-01T04:13:40.688+0000] {dagbag.py:545} INFO - Filling up the DagBag from /opt/airflow/dags/segunda-dag.py
[2024-12-01T04:13:40.758+0000] {processor.py:840} INFO - DAG(s) 'segunda-dag' retrieved from /opt/airflow/dags/segunda-dag.py
[2024-12-01T04:13:40.843+0000] {logging_mixin.py:188} INFO - [2024-12-01T04:13:40.842+0000] {dag.py:3089} INFO - Sync 1 DAGs
[2024-12-01T04:13:40.869+0000] {logging_mixin.py:188} INFO - [2024-12-01T04:13:40.868+0000] {dag.py:3947} INFO - Setting next_dagrun for segunda-dag to None, run_after=None
[2024-12-01T04:13:40.908+0000] {processor.py:183} INFO - Processing /opt/airflow/dags/segunda-dag.py took 0.247 seconds
[2024-12-01T04:13:45.998+0000] {processor.py:161} INFO - Started process (PID=315) to work on /opt/airflow/dags/segunda-dag.py
[2024-12-01T04:13:46.003+0000] {processor.py:830} INFO - Processing file /opt/airflow/dags/segunda-dag.py for tasks to queue
[2024-12-01T04:13:46.008+0000] {logging_mixin.py:188} INFO - [2024-12-01T04:13:46.007+0000] {dagbag.py:545} INFO - Filling up the DagBag from /opt/airflow/dags/segunda-dag.py
[2024-12-01T04:13:46.065+0000] {processor.py:840} INFO - DAG(s) 'segunda-dag' retrieved from /opt/airflow/dags/segunda-dag.py
[2024-12-01T04:13:46.127+0000] {logging_mixin.py:188} INFO - [2024-12-01T04:13:46.126+0000] {dag.py:3089} INFO - Sync 1 DAGs
[2024-12-01T04:13:46.160+0000] {logging_mixin.py:188} INFO - [2024-12-01T04:13:46.159+0000] {dag.py:3947} INFO - Setting next_dagrun for segunda-dag to None, run_after=None
[2024-12-01T04:13:46.208+0000] {processor.py:183} INFO - Processing /opt/airflow/dags/segunda-dag.py took 0.229 seconds
[2024-12-01T04:13:51.271+0000] {processor.py:161} INFO - Started process (PID=320) to work on /opt/airflow/dags/segunda-dag.py
[2024-12-01T04:13:51.273+0000] {processor.py:830} INFO - Processing file /opt/airflow/dags/segunda-dag.py for tasks to queue
[2024-12-01T04:13:51.277+0000] {logging_mixin.py:188} INFO - [2024-12-01T04:13:51.276+0000] {dagbag.py:545} INFO - Filling up the DagBag from /opt/airflow/dags/segunda-dag.py
[2024-12-01T04:13:51.310+0000] {processor.py:840} INFO - DAG(s) 'segunda-dag' retrieved from /opt/airflow/dags/segunda-dag.py
[2024-12-01T04:13:51.354+0000] {logging_mixin.py:188} INFO - [2024-12-01T04:13:51.353+0000] {dag.py:3089} INFO - Sync 1 DAGs
[2024-12-01T04:13:51.381+0000] {logging_mixin.py:188} INFO - [2024-12-01T04:13:51.381+0000] {dag.py:3947} INFO - Setting next_dagrun for segunda-dag to None, run_after=None
[2024-12-01T04:13:51.414+0000] {processor.py:183} INFO - Processing /opt/airflow/dags/segunda-dag.py took 0.150 seconds
[2024-12-01T04:13:56.551+0000] {processor.py:161} INFO - Started process (PID=322) to work on /opt/airflow/dags/segunda-dag.py
[2024-12-01T04:13:56.553+0000] {processor.py:830} INFO - Processing file /opt/airflow/dags/segunda-dag.py for tasks to queue
[2024-12-01T04:13:56.555+0000] {logging_mixin.py:188} INFO - [2024-12-01T04:13:56.555+0000] {dagbag.py:545} INFO - Filling up the DagBag from /opt/airflow/dags/segunda-dag.py
[2024-12-01T04:13:56.593+0000] {processor.py:840} INFO - DAG(s) 'segunda-dag' retrieved from /opt/airflow/dags/segunda-dag.py
[2024-12-01T04:13:56.624+0000] {logging_mixin.py:188} INFO - [2024-12-01T04:13:56.624+0000] {dag.py:3089} INFO - Sync 1 DAGs
[2024-12-01T04:13:56.643+0000] {logging_mixin.py:188} INFO - [2024-12-01T04:13:56.643+0000] {dag.py:3947} INFO - Setting next_dagrun for segunda-dag to None, run_after=None
[2024-12-01T04:13:56.710+0000] {processor.py:183} INFO - Processing /opt/airflow/dags/segunda-dag.py took 0.167 seconds
[2024-12-01T04:14:01.869+0000] {processor.py:161} INFO - Started process (PID=324) to work on /opt/airflow/dags/segunda-dag.py
[2024-12-01T04:14:01.870+0000] {processor.py:830} INFO - Processing file /opt/airflow/dags/segunda-dag.py for tasks to queue
[2024-12-01T04:14:01.874+0000] {logging_mixin.py:188} INFO - [2024-12-01T04:14:01.873+0000] {dagbag.py:545} INFO - Filling up the DagBag from /opt/airflow/dags/segunda-dag.py
[2024-12-01T04:14:01.910+0000] {processor.py:840} INFO - DAG(s) 'segunda-dag' retrieved from /opt/airflow/dags/segunda-dag.py
[2024-12-01T04:14:01.966+0000] {logging_mixin.py:188} INFO - [2024-12-01T04:14:01.965+0000] {dag.py:3089} INFO - Sync 1 DAGs
[2024-12-01T04:14:01.996+0000] {logging_mixin.py:188} INFO - [2024-12-01T04:14:01.996+0000] {dag.py:3947} INFO - Setting next_dagrun for segunda-dag to None, run_after=None
[2024-12-01T04:14:02.032+0000] {processor.py:183} INFO - Processing /opt/airflow/dags/segunda-dag.py took 0.177 seconds
[2024-12-01T04:14:07.161+0000] {processor.py:161} INFO - Started process (PID=326) to work on /opt/airflow/dags/segunda-dag.py
[2024-12-01T04:14:07.163+0000] {processor.py:830} INFO - Processing file /opt/airflow/dags/segunda-dag.py for tasks to queue
[2024-12-01T04:14:07.167+0000] {logging_mixin.py:188} INFO - [2024-12-01T04:14:07.167+0000] {dagbag.py:545} INFO - Filling up the DagBag from /opt/airflow/dags/segunda-dag.py
[2024-12-01T04:14:07.218+0000] {processor.py:840} INFO - DAG(s) 'segunda-dag' retrieved from /opt/airflow/dags/segunda-dag.py
[2024-12-01T04:14:07.288+0000] {logging_mixin.py:188} INFO - [2024-12-01T04:14:07.287+0000] {dag.py:3089} INFO - Sync 1 DAGs
[2024-12-01T04:14:07.308+0000] {logging_mixin.py:188} INFO - [2024-12-01T04:14:07.308+0000] {dag.py:3947} INFO - Setting next_dagrun for segunda-dag to None, run_after=None
[2024-12-01T04:14:07.340+0000] {processor.py:183} INFO - Processing /opt/airflow/dags/segunda-dag.py took 0.191 seconds
[2024-12-01T04:14:12.582+0000] {processor.py:161} INFO - Started process (PID=328) to work on /opt/airflow/dags/segunda-dag.py
[2024-12-01T04:14:12.585+0000] {processor.py:830} INFO - Processing file /opt/airflow/dags/segunda-dag.py for tasks to queue
[2024-12-01T04:14:12.597+0000] {logging_mixin.py:188} INFO - [2024-12-01T04:14:12.597+0000] {dagbag.py:545} INFO - Filling up the DagBag from /opt/airflow/dags/segunda-dag.py
[2024-12-01T04:14:12.698+0000] {processor.py:840} INFO - DAG(s) 'segunda-dag' retrieved from /opt/airflow/dags/segunda-dag.py
[2024-12-01T04:14:12.814+0000] {logging_mixin.py:188} INFO - [2024-12-01T04:14:12.813+0000] {dag.py:3089} INFO - Sync 1 DAGs
[2024-12-01T04:14:12.860+0000] {logging_mixin.py:188} INFO - [2024-12-01T04:14:12.859+0000] {dag.py:3947} INFO - Setting next_dagrun for segunda-dag to None, run_after=None
[2024-12-01T04:14:12.975+0000] {processor.py:183} INFO - Processing /opt/airflow/dags/segunda-dag.py took 0.415 seconds
[2024-12-01T04:14:18.845+0000] {processor.py:161} INFO - Started process (PID=330) to work on /opt/airflow/dags/segunda-dag.py
[2024-12-01T04:14:18.847+0000] {processor.py:830} INFO - Processing file /opt/airflow/dags/segunda-dag.py for tasks to queue
[2024-12-01T04:14:18.850+0000] {logging_mixin.py:188} INFO - [2024-12-01T04:14:18.850+0000] {dagbag.py:545} INFO - Filling up the DagBag from /opt/airflow/dags/segunda-dag.py
[2024-12-01T04:14:18.895+0000] {processor.py:840} INFO - DAG(s) 'segunda-dag' retrieved from /opt/airflow/dags/segunda-dag.py
[2024-12-01T04:14:18.960+0000] {logging_mixin.py:188} INFO - [2024-12-01T04:14:18.959+0000] {dag.py:3089} INFO - Sync 1 DAGs
[2024-12-01T04:14:18.990+0000] {logging_mixin.py:188} INFO - [2024-12-01T04:14:18.989+0000] {dag.py:3947} INFO - Setting next_dagrun for segunda-dag to None, run_after=None
[2024-12-01T04:14:19.036+0000] {processor.py:183} INFO - Processing /opt/airflow/dags/segunda-dag.py took 0.205 seconds
[2024-12-01T04:14:24.175+0000] {processor.py:161} INFO - Started process (PID=335) to work on /opt/airflow/dags/segunda-dag.py
[2024-12-01T04:14:24.178+0000] {processor.py:830} INFO - Processing file /opt/airflow/dags/segunda-dag.py for tasks to queue
[2024-12-01T04:14:24.182+0000] {logging_mixin.py:188} INFO - [2024-12-01T04:14:24.181+0000] {dagbag.py:545} INFO - Filling up the DagBag from /opt/airflow/dags/segunda-dag.py
[2024-12-01T04:14:24.230+0000] {processor.py:840} INFO - DAG(s) 'segunda-dag' retrieved from /opt/airflow/dags/segunda-dag.py
[2024-12-01T04:14:24.297+0000] {logging_mixin.py:188} INFO - [2024-12-01T04:14:24.296+0000] {dag.py:3089} INFO - Sync 1 DAGs
[2024-12-01T04:14:24.330+0000] {logging_mixin.py:188} INFO - [2024-12-01T04:14:24.329+0000] {dag.py:3947} INFO - Setting next_dagrun for segunda-dag to None, run_after=None
[2024-12-01T04:14:24.417+0000] {processor.py:183} INFO - Processing /opt/airflow/dags/segunda-dag.py took 0.252 seconds
[2024-12-01T04:14:29.579+0000] {processor.py:161} INFO - Started process (PID=337) to work on /opt/airflow/dags/segunda-dag.py
[2024-12-01T04:14:29.581+0000] {processor.py:830} INFO - Processing file /opt/airflow/dags/segunda-dag.py for tasks to queue
[2024-12-01T04:14:29.584+0000] {logging_mixin.py:188} INFO - [2024-12-01T04:14:29.583+0000] {dagbag.py:545} INFO - Filling up the DagBag from /opt/airflow/dags/segunda-dag.py
[2024-12-01T04:14:29.610+0000] {processor.py:840} INFO - DAG(s) 'segunda-dag' retrieved from /opt/airflow/dags/segunda-dag.py
[2024-12-01T04:14:29.648+0000] {logging_mixin.py:188} INFO - [2024-12-01T04:14:29.647+0000] {dag.py:3089} INFO - Sync 1 DAGs
[2024-12-01T04:14:29.662+0000] {logging_mixin.py:188} INFO - [2024-12-01T04:14:29.662+0000] {dag.py:3947} INFO - Setting next_dagrun for segunda-dag to None, run_after=None
[2024-12-01T04:14:29.723+0000] {processor.py:183} INFO - Processing /opt/airflow/dags/segunda-dag.py took 0.152 seconds
[2024-12-01T04:14:34.874+0000] {processor.py:161} INFO - Started process (PID=339) to work on /opt/airflow/dags/segunda-dag.py
[2024-12-01T04:14:34.875+0000] {processor.py:830} INFO - Processing file /opt/airflow/dags/segunda-dag.py for tasks to queue
[2024-12-01T04:14:34.878+0000] {logging_mixin.py:188} INFO - [2024-12-01T04:14:34.878+0000] {dagbag.py:545} INFO - Filling up the DagBag from /opt/airflow/dags/segunda-dag.py
[2024-12-01T04:14:34.919+0000] {processor.py:840} INFO - DAG(s) 'segunda-dag' retrieved from /opt/airflow/dags/segunda-dag.py
[2024-12-01T04:14:34.955+0000] {logging_mixin.py:188} INFO - [2024-12-01T04:14:34.955+0000] {dag.py:3089} INFO - Sync 1 DAGs
[2024-12-01T04:14:34.971+0000] {logging_mixin.py:188} INFO - [2024-12-01T04:14:34.971+0000] {dag.py:3947} INFO - Setting next_dagrun for segunda-dag to None, run_after=None
[2024-12-01T04:14:35.035+0000] {processor.py:183} INFO - Processing /opt/airflow/dags/segunda-dag.py took 0.170 seconds
[2024-12-01T04:14:40.249+0000] {processor.py:161} INFO - Started process (PID=341) to work on /opt/airflow/dags/segunda-dag.py
[2024-12-01T04:14:40.251+0000] {processor.py:830} INFO - Processing file /opt/airflow/dags/segunda-dag.py for tasks to queue
[2024-12-01T04:14:40.257+0000] {logging_mixin.py:188} INFO - [2024-12-01T04:14:40.256+0000] {dagbag.py:545} INFO - Filling up the DagBag from /opt/airflow/dags/segunda-dag.py
[2024-12-01T04:14:40.323+0000] {processor.py:840} INFO - DAG(s) 'segunda-dag' retrieved from /opt/airflow/dags/segunda-dag.py
[2024-12-01T04:14:40.401+0000] {logging_mixin.py:188} INFO - [2024-12-01T04:14:40.400+0000] {dag.py:3089} INFO - Sync 1 DAGs
[2024-12-01T04:14:40.438+0000] {logging_mixin.py:188} INFO - [2024-12-01T04:14:40.437+0000] {dag.py:3947} INFO - Setting next_dagrun for segunda-dag to None, run_after=None
[2024-12-01T04:14:40.514+0000] {processor.py:183} INFO - Processing /opt/airflow/dags/segunda-dag.py took 0.276 seconds
[2024-12-01T04:14:46.401+0000] {processor.py:161} INFO - Started process (PID=343) to work on /opt/airflow/dags/segunda-dag.py
[2024-12-01T04:14:46.404+0000] {processor.py:830} INFO - Processing file /opt/airflow/dags/segunda-dag.py for tasks to queue
[2024-12-01T04:14:46.409+0000] {logging_mixin.py:188} INFO - [2024-12-01T04:14:46.408+0000] {dagbag.py:545} INFO - Filling up the DagBag from /opt/airflow/dags/segunda-dag.py
[2024-12-01T04:14:46.456+0000] {processor.py:840} INFO - DAG(s) 'segunda-dag' retrieved from /opt/airflow/dags/segunda-dag.py
[2024-12-01T04:14:46.546+0000] {logging_mixin.py:188} INFO - [2024-12-01T04:14:46.546+0000] {dag.py:3089} INFO - Sync 1 DAGs
[2024-12-01T04:14:46.576+0000] {logging_mixin.py:188} INFO - [2024-12-01T04:14:46.575+0000] {dag.py:3947} INFO - Setting next_dagrun for segunda-dag to None, run_after=None
[2024-12-01T04:14:46.622+0000] {processor.py:183} INFO - Processing /opt/airflow/dags/segunda-dag.py took 0.235 seconds
[2024-12-01T04:14:51.771+0000] {processor.py:161} INFO - Started process (PID=345) to work on /opt/airflow/dags/segunda-dag.py
[2024-12-01T04:14:51.773+0000] {processor.py:830} INFO - Processing file /opt/airflow/dags/segunda-dag.py for tasks to queue
[2024-12-01T04:14:51.779+0000] {logging_mixin.py:188} INFO - [2024-12-01T04:14:51.779+0000] {dagbag.py:545} INFO - Filling up the DagBag from /opt/airflow/dags/segunda-dag.py
[2024-12-01T04:14:51.841+0000] {processor.py:840} INFO - DAG(s) 'segunda-dag' retrieved from /opt/airflow/dags/segunda-dag.py
[2024-12-01T04:14:51.916+0000] {logging_mixin.py:188} INFO - [2024-12-01T04:14:51.916+0000] {dag.py:3089} INFO - Sync 1 DAGs
[2024-12-01T04:14:51.935+0000] {logging_mixin.py:188} INFO - [2024-12-01T04:14:51.935+0000] {dag.py:3947} INFO - Setting next_dagrun for segunda-dag to None, run_after=None
[2024-12-01T04:14:51.969+0000] {processor.py:183} INFO - Processing /opt/airflow/dags/segunda-dag.py took 0.212 seconds
[2024-12-01T04:14:57.722+0000] {processor.py:161} INFO - Started process (PID=350) to work on /opt/airflow/dags/segunda-dag.py
[2024-12-01T04:14:57.738+0000] {processor.py:830} INFO - Processing file /opt/airflow/dags/segunda-dag.py for tasks to queue
[2024-12-01T04:14:57.747+0000] {logging_mixin.py:188} INFO - [2024-12-01T04:14:57.745+0000] {dagbag.py:545} INFO - Filling up the DagBag from /opt/airflow/dags/segunda-dag.py
[2024-12-01T04:14:58.074+0000] {processor.py:840} INFO - DAG(s) 'segunda-dag' retrieved from /opt/airflow/dags/segunda-dag.py
[2024-12-01T04:14:58.257+0000] {logging_mixin.py:188} INFO - [2024-12-01T04:14:58.257+0000] {dag.py:3089} INFO - Sync 1 DAGs
[2024-12-01T04:14:58.321+0000] {logging_mixin.py:188} INFO - [2024-12-01T04:14:58.320+0000] {dag.py:3947} INFO - Setting next_dagrun for segunda-dag to None, run_after=None
[2024-12-01T04:14:58.382+0000] {processor.py:183} INFO - Processing /opt/airflow/dags/segunda-dag.py took 0.699 seconds
[2024-12-01T04:15:03.943+0000] {processor.py:161} INFO - Started process (PID=352) to work on /opt/airflow/dags/segunda-dag.py
[2024-12-01T04:15:03.945+0000] {processor.py:830} INFO - Processing file /opt/airflow/dags/segunda-dag.py for tasks to queue
[2024-12-01T04:15:03.949+0000] {logging_mixin.py:188} INFO - [2024-12-01T04:15:03.949+0000] {dagbag.py:545} INFO - Filling up the DagBag from /opt/airflow/dags/segunda-dag.py
[2024-12-01T04:15:03.992+0000] {processor.py:840} INFO - DAG(s) 'segunda-dag' retrieved from /opt/airflow/dags/segunda-dag.py
[2024-12-01T04:15:04.048+0000] {logging_mixin.py:188} INFO - [2024-12-01T04:15:04.048+0000] {dag.py:3089} INFO - Sync 1 DAGs
[2024-12-01T04:15:04.066+0000] {logging_mixin.py:188} INFO - [2024-12-01T04:15:04.066+0000] {dag.py:3947} INFO - Setting next_dagrun for segunda-dag to None, run_after=None
[2024-12-01T04:15:04.099+0000] {processor.py:183} INFO - Processing /opt/airflow/dags/segunda-dag.py took 0.166 seconds
[2024-12-01T04:15:09.390+0000] {processor.py:161} INFO - Started process (PID=354) to work on /opt/airflow/dags/segunda-dag.py
[2024-12-01T04:15:09.393+0000] {processor.py:830} INFO - Processing file /opt/airflow/dags/segunda-dag.py for tasks to queue
[2024-12-01T04:15:09.410+0000] {logging_mixin.py:188} INFO - [2024-12-01T04:15:09.409+0000] {dagbag.py:545} INFO - Filling up the DagBag from /opt/airflow/dags/segunda-dag.py
[2024-12-01T04:15:09.505+0000] {processor.py:840} INFO - DAG(s) 'segunda-dag' retrieved from /opt/airflow/dags/segunda-dag.py
[2024-12-01T04:15:09.641+0000] {logging_mixin.py:188} INFO - [2024-12-01T04:15:09.641+0000] {dag.py:3089} INFO - Sync 1 DAGs
[2024-12-01T04:15:09.741+0000] {logging_mixin.py:188} INFO - [2024-12-01T04:15:09.740+0000] {dag.py:3947} INFO - Setting next_dagrun for segunda-dag to None, run_after=None
[2024-12-01T04:15:09.852+0000] {processor.py:183} INFO - Processing /opt/airflow/dags/segunda-dag.py took 0.487 seconds
[2024-12-01T04:15:15.076+0000] {processor.py:161} INFO - Started process (PID=356) to work on /opt/airflow/dags/segunda-dag.py
[2024-12-01T04:15:15.078+0000] {processor.py:830} INFO - Processing file /opt/airflow/dags/segunda-dag.py for tasks to queue
[2024-12-01T04:15:15.082+0000] {logging_mixin.py:188} INFO - [2024-12-01T04:15:15.081+0000] {dagbag.py:545} INFO - Filling up the DagBag from /opt/airflow/dags/segunda-dag.py
[2024-12-01T04:15:15.133+0000] {processor.py:840} INFO - DAG(s) 'segunda-dag' retrieved from /opt/airflow/dags/segunda-dag.py
[2024-12-01T04:15:15.216+0000] {logging_mixin.py:188} INFO - [2024-12-01T04:15:15.215+0000] {dag.py:3089} INFO - Sync 1 DAGs
[2024-12-01T04:15:15.246+0000] {logging_mixin.py:188} INFO - [2024-12-01T04:15:15.246+0000] {dag.py:3947} INFO - Setting next_dagrun for segunda-dag to None, run_after=None
[2024-12-01T04:15:15.299+0000] {processor.py:183} INFO - Processing /opt/airflow/dags/segunda-dag.py took 0.234 seconds
