[2024-11-30T16:11:18.216+0000] {processor.py:161} INFO - Started process (PID=292) to work on /opt/airflow/dags/primeiradag.py
[2024-11-30T16:11:18.218+0000] {processor.py:830} INFO - Processing file /opt/airflow/dags/primeiradag.py for tasks to queue
[2024-11-30T16:11:18.231+0000] {logging_mixin.py:188} INFO - [2024-11-30T16:11:18.228+0000] {dagbag.py:545} INFO - Filling up the DagBag from /opt/airflow/dags/primeiradag.py
[2024-11-30T16:11:18.301+0000] {logging_mixin.py:188} INFO - [2024-11-30T16:11:18.291+0000] {dagbag.py:355} ERROR - Failed to import: /opt/airflow/dags/primeiradag.py
Traceback (most recent call last):
  File "/home/airflow/.local/lib/python3.12/site-packages/airflow/models/dagbag.py", line 351, in parse
    loader.exec_module(new_module)
  File "<frozen importlib._bootstrap_external>", line 995, in exec_module
  File "<frozen importlib._bootstrap>", line 488, in _call_with_frames_removed
  File "/opt/airflow/dags/primeiradag.py", line 7, in <module>
    dag - DAG('exemplo_dag'
    ^^^
NameError: name 'dag' is not defined
[2024-11-30T16:11:18.307+0000] {processor.py:842} WARNING - No viable dags retrieved from /opt/airflow/dags/primeiradag.py
[2024-11-30T16:11:18.376+0000] {processor.py:183} INFO - Processing /opt/airflow/dags/primeiradag.py took 0.198 seconds
[2024-11-30T16:11:23.485+0000] {processor.py:161} INFO - Started process (PID=293) to work on /opt/airflow/dags/primeiradag.py
[2024-11-30T16:11:23.487+0000] {processor.py:830} INFO - Processing file /opt/airflow/dags/primeiradag.py for tasks to queue
[2024-11-30T16:11:23.490+0000] {logging_mixin.py:188} INFO - [2024-11-30T16:11:23.490+0000] {dagbag.py:545} INFO - Filling up the DagBag from /opt/airflow/dags/primeiradag.py
[2024-11-30T16:11:23.518+0000] {logging_mixin.py:188} INFO - [2024-11-30T16:11:23.511+0000] {dagbag.py:355} ERROR - Failed to import: /opt/airflow/dags/primeiradag.py
Traceback (most recent call last):
  File "/home/airflow/.local/lib/python3.12/site-packages/airflow/models/dagbag.py", line 351, in parse
    loader.exec_module(new_module)
  File "<frozen importlib._bootstrap_external>", line 995, in exec_module
  File "<frozen importlib._bootstrap>", line 488, in _call_with_frames_removed
  File "/opt/airflow/dags/primeiradag.py", line 7, in <module>
    dag - DAG('exemplo_dag'
    ^^^
NameError: name 'dag' is not defined
[2024-11-30T16:11:23.521+0000] {processor.py:842} WARNING - No viable dags retrieved from /opt/airflow/dags/primeiradag.py
[2024-11-30T16:11:23.546+0000] {processor.py:183} INFO - Processing /opt/airflow/dags/primeiradag.py took 0.072 seconds
[2024-11-30T16:11:27.531+0000] {processor.py:161} INFO - Started process (PID=294) to work on /opt/airflow/dags/primeiradag.py
[2024-11-30T16:11:27.533+0000] {processor.py:830} INFO - Processing file /opt/airflow/dags/primeiradag.py for tasks to queue
[2024-11-30T16:11:27.537+0000] {logging_mixin.py:188} INFO - [2024-11-30T16:11:27.536+0000] {dagbag.py:545} INFO - Filling up the DagBag from /opt/airflow/dags/primeiradag.py
[2024-11-30T16:11:27.578+0000] {logging_mixin.py:188} INFO - [2024-11-30T16:11:27.571+0000] {dagbag.py:355} ERROR - Failed to import: /opt/airflow/dags/primeiradag.py
Traceback (most recent call last):
  File "/home/airflow/.local/lib/python3.12/site-packages/airflow/models/dagbag.py", line 351, in parse
    loader.exec_module(new_module)
  File "<frozen importlib._bootstrap_external>", line 995, in exec_module
  File "<frozen importlib._bootstrap>", line 488, in _call_with_frames_removed
  File "/opt/airflow/dags/primeiradag.py", line 8, in <module>
    dag - DAG('exemplo_dag'
    ^^^
NameError: name 'dag' is not defined
[2024-11-30T16:11:27.581+0000] {processor.py:842} WARNING - No viable dags retrieved from /opt/airflow/dags/primeiradag.py
[2024-11-30T16:11:27.606+0000] {processor.py:183} INFO - Processing /opt/airflow/dags/primeiradag.py took 0.085 seconds
[2024-11-30T16:11:32.663+0000] {processor.py:161} INFO - Started process (PID=295) to work on /opt/airflow/dags/primeiradag.py
[2024-11-30T16:11:32.664+0000] {processor.py:830} INFO - Processing file /opt/airflow/dags/primeiradag.py for tasks to queue
[2024-11-30T16:11:32.667+0000] {logging_mixin.py:188} INFO - [2024-11-30T16:11:32.666+0000] {dagbag.py:545} INFO - Filling up the DagBag from /opt/airflow/dags/primeiradag.py
[2024-11-30T16:11:32.685+0000] {logging_mixin.py:188} INFO - [2024-11-30T16:11:32.681+0000] {dagbag.py:355} ERROR - Failed to import: /opt/airflow/dags/primeiradag.py
Traceback (most recent call last):
  File "/home/airflow/.local/lib/python3.12/site-packages/airflow/models/dagbag.py", line 351, in parse
    loader.exec_module(new_module)
  File "<frozen importlib._bootstrap_external>", line 995, in exec_module
  File "<frozen importlib._bootstrap>", line 488, in _call_with_frames_removed
  File "/opt/airflow/dags/primeiradag.py", line 8, in <module>
    dag - DAG('exemplo_dag'
    ^^^
NameError: name 'dag' is not defined
[2024-11-30T16:11:32.687+0000] {processor.py:842} WARNING - No viable dags retrieved from /opt/airflow/dags/primeiradag.py
[2024-11-30T16:11:32.710+0000] {processor.py:183} INFO - Processing /opt/airflow/dags/primeiradag.py took 0.052 seconds
[2024-11-30T16:11:33.704+0000] {processor.py:161} INFO - Started process (PID=296) to work on /opt/airflow/dags/primeiradag.py
[2024-11-30T16:11:33.705+0000] {processor.py:830} INFO - Processing file /opt/airflow/dags/primeiradag.py for tasks to queue
[2024-11-30T16:11:33.707+0000] {logging_mixin.py:188} INFO - [2024-11-30T16:11:33.707+0000] {dagbag.py:545} INFO - Filling up the DagBag from /opt/airflow/dags/primeiradag.py
[2024-11-30T16:11:33.731+0000] {logging_mixin.py:188} INFO - [2024-11-30T16:11:33.728+0000] {dagbag.py:355} ERROR - Failed to import: /opt/airflow/dags/primeiradag.py
Traceback (most recent call last):
  File "/home/airflow/.local/lib/python3.12/site-packages/airflow/models/dagbag.py", line 351, in parse
    loader.exec_module(new_module)
  File "<frozen importlib._bootstrap_external>", line 995, in exec_module
  File "<frozen importlib._bootstrap>", line 488, in _call_with_frames_removed
  File "/opt/airflow/dags/primeiradag.py", line 7, in <module>
    dag - DAG('exemplo_dag'
    ^^^
NameError: name 'dag' is not defined
[2024-11-30T16:11:33.733+0000] {processor.py:842} WARNING - No viable dags retrieved from /opt/airflow/dags/primeiradag.py
[2024-11-30T16:11:33.753+0000] {processor.py:183} INFO - Processing /opt/airflow/dags/primeiradag.py took 0.054 seconds
[2024-11-30T16:11:38.824+0000] {processor.py:161} INFO - Started process (PID=297) to work on /opt/airflow/dags/primeiradag.py
[2024-11-30T16:11:38.826+0000] {processor.py:830} INFO - Processing file /opt/airflow/dags/primeiradag.py for tasks to queue
[2024-11-30T16:11:38.830+0000] {logging_mixin.py:188} INFO - [2024-11-30T16:11:38.829+0000] {dagbag.py:545} INFO - Filling up the DagBag from /opt/airflow/dags/primeiradag.py
[2024-11-30T16:11:38.853+0000] {logging_mixin.py:188} INFO - [2024-11-30T16:11:38.848+0000] {dagbag.py:355} ERROR - Failed to import: /opt/airflow/dags/primeiradag.py
Traceback (most recent call last):
  File "/home/airflow/.local/lib/python3.12/site-packages/airflow/models/dagbag.py", line 351, in parse
    loader.exec_module(new_module)
  File "<frozen importlib._bootstrap_external>", line 995, in exec_module
  File "<frozen importlib._bootstrap>", line 488, in _call_with_frames_removed
  File "/opt/airflow/dags/primeiradag.py", line 7, in <module>
    dag - DAG('exemplo_dag'
    ^^^
NameError: name 'dag' is not defined
[2024-11-30T16:11:38.857+0000] {processor.py:842} WARNING - No viable dags retrieved from /opt/airflow/dags/primeiradag.py
[2024-11-30T16:11:38.883+0000] {processor.py:183} INFO - Processing /opt/airflow/dags/primeiradag.py took 0.067 seconds
[2024-11-30T16:11:43.979+0000] {processor.py:161} INFO - Started process (PID=298) to work on /opt/airflow/dags/primeiradag.py
[2024-11-30T16:11:43.980+0000] {processor.py:830} INFO - Processing file /opt/airflow/dags/primeiradag.py for tasks to queue
[2024-11-30T16:11:43.984+0000] {logging_mixin.py:188} INFO - [2024-11-30T16:11:43.983+0000] {dagbag.py:545} INFO - Filling up the DagBag from /opt/airflow/dags/primeiradag.py
[2024-11-30T16:11:44.013+0000] {logging_mixin.py:188} INFO - [2024-11-30T16:11:44.004+0000] {dagbag.py:355} ERROR - Failed to import: /opt/airflow/dags/primeiradag.py
Traceback (most recent call last):
  File "/home/airflow/.local/lib/python3.12/site-packages/airflow/models/dagbag.py", line 351, in parse
    loader.exec_module(new_module)
  File "<frozen importlib._bootstrap_external>", line 995, in exec_module
  File "<frozen importlib._bootstrap>", line 488, in _call_with_frames_removed
  File "/opt/airflow/dags/primeiradag.py", line 7, in <module>
    dag - DAG('exemplo_dag'
    ^^^
NameError: name 'dag' is not defined
[2024-11-30T16:11:44.017+0000] {processor.py:842} WARNING - No viable dags retrieved from /opt/airflow/dags/primeiradag.py
[2024-11-30T16:11:44.052+0000] {processor.py:183} INFO - Processing /opt/airflow/dags/primeiradag.py took 0.085 seconds
[2024-11-30T16:11:49.277+0000] {processor.py:161} INFO - Started process (PID=302) to work on /opt/airflow/dags/primeiradag.py
[2024-11-30T16:11:49.282+0000] {processor.py:830} INFO - Processing file /opt/airflow/dags/primeiradag.py for tasks to queue
[2024-11-30T16:11:49.296+0000] {logging_mixin.py:188} INFO - [2024-11-30T16:11:49.293+0000] {dagbag.py:545} INFO - Filling up the DagBag from /opt/airflow/dags/primeiradag.py
[2024-11-30T16:11:49.534+0000] {logging_mixin.py:188} INFO - [2024-11-30T16:11:49.511+0000] {dagbag.py:355} ERROR - Failed to import: /opt/airflow/dags/primeiradag.py
Traceback (most recent call last):
  File "/home/airflow/.local/lib/python3.12/site-packages/airflow/models/dagbag.py", line 351, in parse
    loader.exec_module(new_module)
  File "<frozen importlib._bootstrap_external>", line 995, in exec_module
  File "<frozen importlib._bootstrap>", line 488, in _call_with_frames_removed
  File "/opt/airflow/dags/primeiradag.py", line 7, in <module>
    dag - DAG('exemplo_dag'
    ^^^
NameError: name 'dag' is not defined
[2024-11-30T16:11:49.541+0000] {processor.py:842} WARNING - No viable dags retrieved from /opt/airflow/dags/primeiradag.py
[2024-11-30T16:11:49.624+0000] {processor.py:183} INFO - Processing /opt/airflow/dags/primeiradag.py took 0.376 seconds
[2024-11-30T16:11:54.744+0000] {processor.py:161} INFO - Started process (PID=303) to work on /opt/airflow/dags/primeiradag.py
[2024-11-30T16:11:54.746+0000] {processor.py:830} INFO - Processing file /opt/airflow/dags/primeiradag.py for tasks to queue
[2024-11-30T16:11:54.750+0000] {logging_mixin.py:188} INFO - [2024-11-30T16:11:54.749+0000] {dagbag.py:545} INFO - Filling up the DagBag from /opt/airflow/dags/primeiradag.py
[2024-11-30T16:11:54.782+0000] {logging_mixin.py:188} INFO - [2024-11-30T16:11:54.776+0000] {dagbag.py:355} ERROR - Failed to import: /opt/airflow/dags/primeiradag.py
Traceback (most recent call last):
  File "/home/airflow/.local/lib/python3.12/site-packages/airflow/models/dagbag.py", line 351, in parse
    loader.exec_module(new_module)
  File "<frozen importlib._bootstrap_external>", line 995, in exec_module
  File "<frozen importlib._bootstrap>", line 488, in _call_with_frames_removed
  File "/opt/airflow/dags/primeiradag.py", line 7, in <module>
    dag - DAG('exemplo_dag'
    ^^^
NameError: name 'dag' is not defined
[2024-11-30T16:11:54.788+0000] {processor.py:842} WARNING - No viable dags retrieved from /opt/airflow/dags/primeiradag.py
[2024-11-30T16:11:54.819+0000] {processor.py:183} INFO - Processing /opt/airflow/dags/primeiradag.py took 0.084 seconds
[2024-11-30T16:11:59.962+0000] {processor.py:161} INFO - Started process (PID=304) to work on /opt/airflow/dags/primeiradag.py
[2024-11-30T16:11:59.963+0000] {processor.py:830} INFO - Processing file /opt/airflow/dags/primeiradag.py for tasks to queue
[2024-11-30T16:11:59.966+0000] {logging_mixin.py:188} INFO - [2024-11-30T16:11:59.965+0000] {dagbag.py:545} INFO - Filling up the DagBag from /opt/airflow/dags/primeiradag.py
[2024-11-30T16:11:59.993+0000] {logging_mixin.py:188} INFO - [2024-11-30T16:11:59.986+0000] {dagbag.py:355} ERROR - Failed to import: /opt/airflow/dags/primeiradag.py
Traceback (most recent call last):
  File "/home/airflow/.local/lib/python3.12/site-packages/airflow/models/dagbag.py", line 351, in parse
    loader.exec_module(new_module)
  File "<frozen importlib._bootstrap_external>", line 995, in exec_module
  File "<frozen importlib._bootstrap>", line 488, in _call_with_frames_removed
  File "/opt/airflow/dags/primeiradag.py", line 7, in <module>
    dag - DAG('exemplo_dag'
    ^^^
NameError: name 'dag' is not defined
[2024-11-30T16:11:59.997+0000] {processor.py:842} WARNING - No viable dags retrieved from /opt/airflow/dags/primeiradag.py
[2024-11-30T16:12:00.030+0000] {processor.py:183} INFO - Processing /opt/airflow/dags/primeiradag.py took 0.077 seconds
[2024-11-30T16:12:01.010+0000] {processor.py:161} INFO - Started process (PID=305) to work on /opt/airflow/dags/primeiradag.py
[2024-11-30T16:12:01.012+0000] {processor.py:830} INFO - Processing file /opt/airflow/dags/primeiradag.py for tasks to queue
[2024-11-30T16:12:01.015+0000] {logging_mixin.py:188} INFO - [2024-11-30T16:12:01.014+0000] {dagbag.py:545} INFO - Filling up the DagBag from /opt/airflow/dags/primeiradag.py
[2024-11-30T16:12:01.097+0000] {processor.py:840} INFO - DAG(s) 'exemplo_dag' retrieved from /opt/airflow/dags/primeiradag.py
[2024-11-30T16:12:01.568+0000] {logging_mixin.py:188} INFO - [2024-11-30T16:12:01.567+0000] {override.py:1858} INFO - Created Permission View: can delete on DAG:exemplo_dag
[2024-11-30T16:12:01.584+0000] {logging_mixin.py:188} INFO - [2024-11-30T16:12:01.583+0000] {override.py:1858} INFO - Created Permission View: can edit on DAG:exemplo_dag
[2024-11-30T16:12:01.594+0000] {logging_mixin.py:188} INFO - [2024-11-30T16:12:01.594+0000] {override.py:1858} INFO - Created Permission View: can read on DAG:exemplo_dag
[2024-11-30T16:12:01.595+0000] {logging_mixin.py:188} INFO - [2024-11-30T16:12:01.595+0000] {dag.py:3089} INFO - Sync 1 DAGs
[2024-11-30T16:12:01.615+0000] {logging_mixin.py:188} INFO - [2024-11-30T16:12:01.614+0000] {dag.py:3111} INFO - Creating ORM DAG for exemplo_dag
[2024-11-30T16:12:01.617+0000] {logging_mixin.py:188} INFO - [2024-11-30T16:12:01.616+0000] {dag.py:3947} INFO - Setting next_dagrun for exemplo_dag to None, run_after=None
[2024-11-30T16:12:01.649+0000] {processor.py:183} INFO - Processing /opt/airflow/dags/primeiradag.py took 0.649 seconds
[2024-11-30T16:12:06.722+0000] {processor.py:161} INFO - Started process (PID=306) to work on /opt/airflow/dags/primeiradag.py
[2024-11-30T16:12:06.724+0000] {processor.py:830} INFO - Processing file /opt/airflow/dags/primeiradag.py for tasks to queue
[2024-11-30T16:12:06.727+0000] {logging_mixin.py:188} INFO - [2024-11-30T16:12:06.726+0000] {dagbag.py:545} INFO - Filling up the DagBag from /opt/airflow/dags/primeiradag.py
[2024-11-30T16:12:06.756+0000] {processor.py:840} INFO - DAG(s) 'exemplo_dag' retrieved from /opt/airflow/dags/primeiradag.py
[2024-11-30T16:12:06.772+0000] {logging_mixin.py:188} INFO - [2024-11-30T16:12:06.771+0000] {dag.py:3089} INFO - Sync 1 DAGs
[2024-11-30T16:12:06.791+0000] {logging_mixin.py:188} INFO - [2024-11-30T16:12:06.790+0000] {dag.py:3947} INFO - Setting next_dagrun for exemplo_dag to None, run_after=None
[2024-11-30T16:12:06.817+0000] {processor.py:183} INFO - Processing /opt/airflow/dags/primeiradag.py took 0.101 seconds
[2024-11-30T16:12:11.884+0000] {processor.py:161} INFO - Started process (PID=307) to work on /opt/airflow/dags/primeiradag.py
[2024-11-30T16:12:11.885+0000] {processor.py:830} INFO - Processing file /opt/airflow/dags/primeiradag.py for tasks to queue
[2024-11-30T16:12:11.888+0000] {logging_mixin.py:188} INFO - [2024-11-30T16:12:11.887+0000] {dagbag.py:545} INFO - Filling up the DagBag from /opt/airflow/dags/primeiradag.py
[2024-11-30T16:12:11.913+0000] {processor.py:840} INFO - DAG(s) 'exemplo_dag' retrieved from /opt/airflow/dags/primeiradag.py
[2024-11-30T16:12:11.926+0000] {logging_mixin.py:188} INFO - [2024-11-30T16:12:11.926+0000] {dag.py:3089} INFO - Sync 1 DAGs
[2024-11-30T16:12:11.941+0000] {logging_mixin.py:188} INFO - [2024-11-30T16:12:11.941+0000] {dag.py:3947} INFO - Setting next_dagrun for exemplo_dag to None, run_after=None
[2024-11-30T16:12:11.966+0000] {processor.py:183} INFO - Processing /opt/airflow/dags/primeiradag.py took 0.088 seconds
[2024-11-30T16:12:17.066+0000] {processor.py:161} INFO - Started process (PID=308) to work on /opt/airflow/dags/primeiradag.py
[2024-11-30T16:12:17.072+0000] {processor.py:830} INFO - Processing file /opt/airflow/dags/primeiradag.py for tasks to queue
[2024-11-30T16:12:17.092+0000] {logging_mixin.py:188} INFO - [2024-11-30T16:12:17.089+0000] {dagbag.py:545} INFO - Filling up the DagBag from /opt/airflow/dags/primeiradag.py
[2024-11-30T16:12:17.211+0000] {processor.py:840} INFO - DAG(s) 'exemplo_dag' retrieved from /opt/airflow/dags/primeiradag.py
[2024-11-30T16:12:17.265+0000] {logging_mixin.py:188} INFO - [2024-11-30T16:12:17.265+0000] {dag.py:3089} INFO - Sync 1 DAGs
[2024-11-30T16:12:17.293+0000] {logging_mixin.py:188} INFO - [2024-11-30T16:12:17.293+0000] {dag.py:3947} INFO - Setting next_dagrun for exemplo_dag to None, run_after=None
[2024-11-30T16:12:17.325+0000] {processor.py:183} INFO - Processing /opt/airflow/dags/primeiradag.py took 0.289 seconds
[2024-11-30T16:12:22.404+0000] {processor.py:161} INFO - Started process (PID=312) to work on /opt/airflow/dags/primeiradag.py
[2024-11-30T16:12:22.406+0000] {processor.py:830} INFO - Processing file /opt/airflow/dags/primeiradag.py for tasks to queue
[2024-11-30T16:12:22.408+0000] {logging_mixin.py:188} INFO - [2024-11-30T16:12:22.408+0000] {dagbag.py:545} INFO - Filling up the DagBag from /opt/airflow/dags/primeiradag.py
[2024-11-30T16:12:22.439+0000] {processor.py:840} INFO - DAG(s) 'exemplo_dag' retrieved from /opt/airflow/dags/primeiradag.py
[2024-11-30T16:12:22.458+0000] {logging_mixin.py:188} INFO - [2024-11-30T16:12:22.457+0000] {dag.py:3089} INFO - Sync 1 DAGs
[2024-11-30T16:12:22.474+0000] {logging_mixin.py:188} INFO - [2024-11-30T16:12:22.474+0000] {dag.py:3947} INFO - Setting next_dagrun for exemplo_dag to None, run_after=None
[2024-11-30T16:12:22.502+0000] {processor.py:183} INFO - Processing /opt/airflow/dags/primeiradag.py took 0.105 seconds
[2024-11-30T16:12:27.697+0000] {processor.py:161} INFO - Started process (PID=313) to work on /opt/airflow/dags/primeiradag.py
[2024-11-30T16:12:27.708+0000] {processor.py:830} INFO - Processing file /opt/airflow/dags/primeiradag.py for tasks to queue
[2024-11-30T16:12:27.730+0000] {logging_mixin.py:188} INFO - [2024-11-30T16:12:27.728+0000] {dagbag.py:545} INFO - Filling up the DagBag from /opt/airflow/dags/primeiradag.py
[2024-11-30T16:12:27.810+0000] {processor.py:840} INFO - DAG(s) 'exemplo_dag' retrieved from /opt/airflow/dags/primeiradag.py
[2024-11-30T16:12:27.885+0000] {logging_mixin.py:188} INFO - [2024-11-30T16:12:27.884+0000] {dag.py:3089} INFO - Sync 1 DAGs
[2024-11-30T16:12:27.990+0000] {logging_mixin.py:188} INFO - [2024-11-30T16:12:27.989+0000] {dag.py:3947} INFO - Setting next_dagrun for exemplo_dag to None, run_after=None
[2024-11-30T16:12:28.079+0000] {processor.py:183} INFO - Processing /opt/airflow/dags/primeiradag.py took 0.450 seconds
[2024-11-30T16:12:33.177+0000] {processor.py:161} INFO - Started process (PID=314) to work on /opt/airflow/dags/primeiradag.py
[2024-11-30T16:12:33.178+0000] {processor.py:830} INFO - Processing file /opt/airflow/dags/primeiradag.py for tasks to queue
[2024-11-30T16:12:33.181+0000] {logging_mixin.py:188} INFO - [2024-11-30T16:12:33.180+0000] {dagbag.py:545} INFO - Filling up the DagBag from /opt/airflow/dags/primeiradag.py
[2024-11-30T16:12:33.205+0000] {processor.py:840} INFO - DAG(s) 'exemplo_dag' retrieved from /opt/airflow/dags/primeiradag.py
[2024-11-30T16:12:33.239+0000] {logging_mixin.py:188} INFO - [2024-11-30T16:12:33.238+0000] {dag.py:3089} INFO - Sync 1 DAGs
[2024-11-30T16:12:33.253+0000] {logging_mixin.py:188} INFO - [2024-11-30T16:12:33.253+0000] {dag.py:3947} INFO - Setting next_dagrun for exemplo_dag to None, run_after=None
[2024-11-30T16:12:33.278+0000] {processor.py:183} INFO - Processing /opt/airflow/dags/primeiradag.py took 0.108 seconds
[2024-11-30T16:12:38.364+0000] {processor.py:161} INFO - Started process (PID=315) to work on /opt/airflow/dags/primeiradag.py
[2024-11-30T16:12:38.365+0000] {processor.py:830} INFO - Processing file /opt/airflow/dags/primeiradag.py for tasks to queue
[2024-11-30T16:12:38.376+0000] {logging_mixin.py:188} INFO - [2024-11-30T16:12:38.375+0000] {dagbag.py:545} INFO - Filling up the DagBag from /opt/airflow/dags/primeiradag.py
[2024-11-30T16:12:38.408+0000] {processor.py:840} INFO - DAG(s) 'exemplo_dag' retrieved from /opt/airflow/dags/primeiradag.py
[2024-11-30T16:12:38.466+0000] {logging_mixin.py:188} INFO - [2024-11-30T16:12:38.466+0000] {dag.py:3089} INFO - Sync 1 DAGs
[2024-11-30T16:12:38.527+0000] {logging_mixin.py:188} INFO - [2024-11-30T16:12:38.526+0000] {dag.py:3947} INFO - Setting next_dagrun for exemplo_dag to None, run_after=None
[2024-11-30T16:12:38.583+0000] {processor.py:183} INFO - Processing /opt/airflow/dags/primeiradag.py took 0.229 seconds
[2024-11-30T16:12:43.656+0000] {processor.py:161} INFO - Started process (PID=316) to work on /opt/airflow/dags/primeiradag.py
[2024-11-30T16:12:43.656+0000] {processor.py:830} INFO - Processing file /opt/airflow/dags/primeiradag.py for tasks to queue
[2024-11-30T16:12:43.658+0000] {logging_mixin.py:188} INFO - [2024-11-30T16:12:43.658+0000] {dagbag.py:545} INFO - Filling up the DagBag from /opt/airflow/dags/primeiradag.py
[2024-11-30T16:12:43.674+0000] {processor.py:840} INFO - DAG(s) 'exemplo_dag' retrieved from /opt/airflow/dags/primeiradag.py
[2024-11-30T16:12:43.706+0000] {logging_mixin.py:188} INFO - [2024-11-30T16:12:43.706+0000] {dag.py:3089} INFO - Sync 1 DAGs
[2024-11-30T16:12:43.742+0000] {logging_mixin.py:188} INFO - [2024-11-30T16:12:43.741+0000] {dag.py:3947} INFO - Setting next_dagrun for exemplo_dag to None, run_after=None
[2024-11-30T16:12:43.782+0000] {processor.py:183} INFO - Processing /opt/airflow/dags/primeiradag.py took 0.131 seconds
[2024-11-30T16:12:48.861+0000] {processor.py:161} INFO - Started process (PID=317) to work on /opt/airflow/dags/primeiradag.py
[2024-11-30T16:12:48.862+0000] {processor.py:830} INFO - Processing file /opt/airflow/dags/primeiradag.py for tasks to queue
[2024-11-30T16:12:48.864+0000] {logging_mixin.py:188} INFO - [2024-11-30T16:12:48.863+0000] {dagbag.py:545} INFO - Filling up the DagBag from /opt/airflow/dags/primeiradag.py
[2024-11-30T16:12:48.878+0000] {processor.py:840} INFO - DAG(s) 'exemplo_dag' retrieved from /opt/airflow/dags/primeiradag.py
[2024-11-30T16:12:48.900+0000] {logging_mixin.py:188} INFO - [2024-11-30T16:12:48.900+0000] {dag.py:3089} INFO - Sync 1 DAGs
[2024-11-30T16:12:48.910+0000] {logging_mixin.py:188} INFO - [2024-11-30T16:12:48.910+0000] {dag.py:3947} INFO - Setting next_dagrun for exemplo_dag to None, run_after=None
[2024-11-30T16:12:48.931+0000] {processor.py:183} INFO - Processing /opt/airflow/dags/primeiradag.py took 0.075 seconds
[2024-11-30T16:12:54.005+0000] {processor.py:161} INFO - Started process (PID=321) to work on /opt/airflow/dags/primeiradag.py
[2024-11-30T16:12:54.006+0000] {processor.py:830} INFO - Processing file /opt/airflow/dags/primeiradag.py for tasks to queue
[2024-11-30T16:12:54.009+0000] {logging_mixin.py:188} INFO - [2024-11-30T16:12:54.009+0000] {dagbag.py:545} INFO - Filling up the DagBag from /opt/airflow/dags/primeiradag.py
[2024-11-30T16:12:54.042+0000] {processor.py:840} INFO - DAG(s) 'exemplo_dag' retrieved from /opt/airflow/dags/primeiradag.py
[2024-11-30T16:12:54.102+0000] {logging_mixin.py:188} INFO - [2024-11-30T16:12:54.101+0000] {dag.py:3089} INFO - Sync 1 DAGs
[2024-11-30T16:12:54.123+0000] {logging_mixin.py:188} INFO - [2024-11-30T16:12:54.123+0000] {dag.py:3947} INFO - Setting next_dagrun for exemplo_dag to None, run_after=None
[2024-11-30T16:12:54.152+0000] {processor.py:183} INFO - Processing /opt/airflow/dags/primeiradag.py took 0.154 seconds
[2024-11-30T16:12:59.224+0000] {processor.py:161} INFO - Started process (PID=322) to work on /opt/airflow/dags/primeiradag.py
[2024-11-30T16:12:59.225+0000] {processor.py:830} INFO - Processing file /opt/airflow/dags/primeiradag.py for tasks to queue
[2024-11-30T16:12:59.227+0000] {logging_mixin.py:188} INFO - [2024-11-30T16:12:59.226+0000] {dagbag.py:545} INFO - Filling up the DagBag from /opt/airflow/dags/primeiradag.py
[2024-11-30T16:12:59.245+0000] {processor.py:840} INFO - DAG(s) 'exemplo_dag' retrieved from /opt/airflow/dags/primeiradag.py
[2024-11-30T16:12:59.270+0000] {logging_mixin.py:188} INFO - [2024-11-30T16:12:59.270+0000] {dag.py:3089} INFO - Sync 1 DAGs
[2024-11-30T16:12:59.283+0000] {logging_mixin.py:188} INFO - [2024-11-30T16:12:59.283+0000] {dag.py:3947} INFO - Setting next_dagrun for exemplo_dag to None, run_after=None
[2024-11-30T16:12:59.300+0000] {processor.py:183} INFO - Processing /opt/airflow/dags/primeiradag.py took 0.083 seconds
[2024-11-30T16:13:04.354+0000] {processor.py:161} INFO - Started process (PID=323) to work on /opt/airflow/dags/primeiradag.py
[2024-11-30T16:13:04.355+0000] {processor.py:830} INFO - Processing file /opt/airflow/dags/primeiradag.py for tasks to queue
[2024-11-30T16:13:04.357+0000] {logging_mixin.py:188} INFO - [2024-11-30T16:13:04.356+0000] {dagbag.py:545} INFO - Filling up the DagBag from /opt/airflow/dags/primeiradag.py
[2024-11-30T16:13:04.378+0000] {processor.py:840} INFO - DAG(s) 'exemplo_dag' retrieved from /opt/airflow/dags/primeiradag.py
[2024-11-30T16:13:04.418+0000] {logging_mixin.py:188} INFO - [2024-11-30T16:13:04.417+0000] {dag.py:3089} INFO - Sync 1 DAGs
[2024-11-30T16:13:04.439+0000] {logging_mixin.py:188} INFO - [2024-11-30T16:13:04.439+0000] {dag.py:3947} INFO - Setting next_dagrun for exemplo_dag to None, run_after=None
[2024-11-30T16:13:04.461+0000] {processor.py:183} INFO - Processing /opt/airflow/dags/primeiradag.py took 0.113 seconds
[2024-11-30T16:13:09.534+0000] {processor.py:161} INFO - Started process (PID=324) to work on /opt/airflow/dags/primeiradag.py
[2024-11-30T16:13:09.535+0000] {processor.py:830} INFO - Processing file /opt/airflow/dags/primeiradag.py for tasks to queue
[2024-11-30T16:13:09.537+0000] {logging_mixin.py:188} INFO - [2024-11-30T16:13:09.537+0000] {dagbag.py:545} INFO - Filling up the DagBag from /opt/airflow/dags/primeiradag.py
[2024-11-30T16:13:09.557+0000] {processor.py:840} INFO - DAG(s) 'exemplo_dag' retrieved from /opt/airflow/dags/primeiradag.py
[2024-11-30T16:13:09.586+0000] {logging_mixin.py:188} INFO - [2024-11-30T16:13:09.585+0000] {dag.py:3089} INFO - Sync 1 DAGs
[2024-11-30T16:13:09.600+0000] {logging_mixin.py:188} INFO - [2024-11-30T16:13:09.600+0000] {dag.py:3947} INFO - Setting next_dagrun for exemplo_dag to None, run_after=None
[2024-11-30T16:13:09.624+0000] {processor.py:183} INFO - Processing /opt/airflow/dags/primeiradag.py took 0.098 seconds
