[2024-12-01T04:10:22.905+0000] {local_task_job_runner.py:120} INFO - ::group::Pre task execution logs
[2024-12-01T04:10:22.974+0000] {taskinstance.py:2076} INFO - Dependencies all met for dep_context=non-requeueable deps ti=<TaskInstance: segunda-dag.tsk3 manual__2024-12-01T04:10:14.204666+00:00 [queued]>
[2024-12-01T04:10:22.996+0000] {taskinstance.py:2076} INFO - Dependencies all met for dep_context=requeueable deps ti=<TaskInstance: segunda-dag.tsk3 manual__2024-12-01T04:10:14.204666+00:00 [queued]>
[2024-12-01T04:10:22.997+0000] {taskinstance.py:2306} INFO - Starting attempt 1 of 1
[2024-12-01T04:10:23.035+0000] {taskinstance.py:2330} INFO - Executing <Task(BashOperator): tsk3> on 2024-12-01 04:10:14.204666+00:00
[2024-12-01T04:10:23.044+0000] {warnings.py:112} WARNING - /home/***/.local/lib/python3.12/site-packages/***/task/task_runner/standard_task_runner.py:62: DeprecationWarning: This process (pid=102) is multi-threaded, use of fork() may lead to deadlocks in the child.
  pid = os.fork()

[2024-12-01T04:10:23.046+0000] {standard_task_runner.py:64} INFO - Started process 104 to run task
[2024-12-01T04:10:23.047+0000] {standard_task_runner.py:90} INFO - Running: ['***', 'tasks', 'run', 'segunda-dag', 'tsk3', 'manual__2024-12-01T04:10:14.204666+00:00', '--job-id', '39', '--raw', '--subdir', 'DAGS_FOLDER/segunda-dag.py', '--cfg-path', '/tmp/tmpug5e_8br']
[2024-12-01T04:10:23.049+0000] {standard_task_runner.py:91} INFO - Job 39: Subtask tsk3
[2024-12-01T04:10:23.121+0000] {task_command.py:426} INFO - Running <TaskInstance: segunda-dag.tsk3 manual__2024-12-01T04:10:14.204666+00:00 [running]> on host 66a1a92ef829
[2024-12-01T04:10:23.267+0000] {taskinstance.py:2648} INFO - Exporting env vars: AIRFLOW_CTX_DAG_OWNER='***' AIRFLOW_CTX_DAG_ID='segunda-dag' AIRFLOW_CTX_TASK_ID='tsk3' AIRFLOW_CTX_EXECUTION_DATE='2024-12-01T04:10:14.204666+00:00' AIRFLOW_CTX_TRY_NUMBER='1' AIRFLOW_CTX_DAG_RUN_ID='manual__2024-12-01T04:10:14.204666+00:00'
[2024-12-01T04:10:23.269+0000] {taskinstance.py:430} INFO - ::endgroup::
[2024-12-01T04:10:23.293+0000] {subprocess.py:63} INFO - Tmp dir root location: /tmp
[2024-12-01T04:10:23.295+0000] {subprocess.py:75} INFO - Running command: ['/usr/bin/bash', '-c', 'sleep 5']
[2024-12-01T04:10:23.306+0000] {subprocess.py:86} INFO - Output:
[2024-12-01T04:10:28.311+0000] {subprocess.py:97} INFO - Command exited with return code 0
[2024-12-01T04:10:28.316+0000] {taskinstance.py:441} INFO - ::group::Post task execution logs
[2024-12-01T04:10:28.378+0000] {taskinstance.py:1206} INFO - Marking task as SUCCESS. dag_id=segunda-dag, task_id=tsk3, run_id=manual__2024-12-01T04:10:14.204666+00:00, execution_date=20241201T041014, start_date=20241201T041022, end_date=20241201T041028
[2024-12-01T04:10:28.423+0000] {local_task_job_runner.py:243} INFO - Task exited with return code 0
[2024-12-01T04:10:28.447+0000] {taskinstance.py:3503} INFO - 0 downstream tasks scheduled from follow-on schedule check
[2024-12-01T04:10:28.450+0000] {local_task_job_runner.py:222} INFO - ::endgroup::
