[2024-11-30T16:12:41.950+0000] {local_task_job_runner.py:120} INFO - ::group::Pre task execution logs
[2024-11-30T16:12:41.979+0000] {taskinstance.py:2076} INFO - Dependencies all met for dep_context=non-requeueable deps ti=<TaskInstance: exemplo_dag.tsk3 manual__2024-11-30T16:12:25.278627+00:00 [queued]>
[2024-11-30T16:12:41.990+0000] {taskinstance.py:2076} INFO - Dependencies all met for dep_context=requeueable deps ti=<TaskInstance: exemplo_dag.tsk3 manual__2024-11-30T16:12:25.278627+00:00 [queued]>
[2024-11-30T16:12:41.991+0000] {taskinstance.py:2306} INFO - Starting attempt 1 of 1
[2024-11-30T16:12:42.009+0000] {taskinstance.py:2330} INFO - Executing <Task(BashOperator): tsk3> on 2024-11-30 16:12:25.278627+00:00
[2024-11-30T16:12:42.014+0000] {warnings.py:112} WARNING - /home/***/.local/lib/python3.12/site-packages/***/task/task_runner/standard_task_runner.py:62: DeprecationWarning: This process (pid=341) is multi-threaded, use of fork() may lead to deadlocks in the child.
  pid = os.fork()

[2024-11-30T16:12:42.016+0000] {standard_task_runner.py:64} INFO - Started process 342 to run task
[2024-11-30T16:12:42.016+0000] {standard_task_runner.py:90} INFO - Running: ['***', 'tasks', 'run', 'exemplo_dag', 'tsk3', 'manual__2024-11-30T16:12:25.278627+00:00', '--job-id', '5', '--raw', '--subdir', 'DAGS_FOLDER/primeiradag.py', '--cfg-path', '/tmp/tmp36yxwasu']
[2024-11-30T16:12:42.018+0000] {standard_task_runner.py:91} INFO - Job 5: Subtask tsk3
[2024-11-30T16:12:42.071+0000] {task_command.py:426} INFO - Running <TaskInstance: exemplo_dag.tsk3 manual__2024-11-30T16:12:25.278627+00:00 [running]> on host 66a1a92ef829
[2024-11-30T16:12:42.170+0000] {taskinstance.py:2648} INFO - Exporting env vars: AIRFLOW_CTX_DAG_OWNER='***' AIRFLOW_CTX_DAG_ID='exemplo_dag' AIRFLOW_CTX_TASK_ID='tsk3' AIRFLOW_CTX_EXECUTION_DATE='2024-11-30T16:12:25.278627+00:00' AIRFLOW_CTX_TRY_NUMBER='1' AIRFLOW_CTX_DAG_RUN_ID='manual__2024-11-30T16:12:25.278627+00:00'
[2024-11-30T16:12:42.172+0000] {taskinstance.py:430} INFO - ::endgroup::
[2024-11-30T16:12:42.187+0000] {subprocess.py:63} INFO - Tmp dir root location: /tmp
[2024-11-30T16:12:42.189+0000] {subprocess.py:75} INFO - Running command: ['/usr/bin/bash', '-c', 'sleep 5']
[2024-11-30T16:12:42.198+0000] {subprocess.py:86} INFO - Output:
[2024-11-30T16:12:47.201+0000] {subprocess.py:97} INFO - Command exited with return code 0
[2024-11-30T16:12:47.202+0000] {taskinstance.py:441} INFO - ::group::Post task execution logs
[2024-11-30T16:12:47.224+0000] {taskinstance.py:1206} INFO - Marking task as SUCCESS. dag_id=exemplo_dag, task_id=tsk3, run_id=manual__2024-11-30T16:12:25.278627+00:00, execution_date=20241130T161225, start_date=20241130T161241, end_date=20241130T161247
[2024-11-30T16:12:47.265+0000] {local_task_job_runner.py:243} INFO - Task exited with return code 0
[2024-11-30T16:12:47.277+0000] {taskinstance.py:3503} INFO - 0 downstream tasks scheduled from follow-on schedule check
[2024-11-30T16:12:47.281+0000] {local_task_job_runner.py:222} INFO - ::endgroup::
